{"C:\\Users\\Admin\\Downloads\\graduation-thesis-main\\backend\\src\\config\\imagekit.js": {"path":"C:\\Users\\Admin\\Downloads\\graduation-thesis-main\\backend\\src\\config\\imagekit.js","statementMap":{"0":{"start":{"line":2,"column":0},"end":{"line":2,"column":27}},"1":{"start":{"line":3,"column":17},"end":{"line":3,"column":36}},"2":{"start":{"line":5,"column":17},"end":{"line":9,"column":2}},"3":{"start":{"line":11,"column":0},"end":{"line":11,"column":26}}},"fnMap":{},"branchMap":{},"s":{"0":2,"1":2,"2":2,"3":2},"f":{},"b":{},"_coverageSchema":"1a1c01bbd47fc00a2c39e90264f33305004495a9","hash":"2a37c78914fcaf2eb18eee056bd8fe49acea74dc"}
,"C:\\Users\\Admin\\Downloads\\graduation-thesis-main\\backend\\src\\models\\CafeType.js": {"path":"C:\\Users\\Admin\\Downloads\\graduation-thesis-main\\backend\\src\\models\\CafeType.js","statementMap":{"0":{"start":{"line":4,"column":4},"end":{"line":4,"column":24}},"1":{"start":{"line":5,"column":0},"end":{"line":28,"column":2}},"2":{"start":{"line":13,"column":6},"end":{"line":13,"column":150}},"3":{"start":{"line":17,"column":2},"end":{"line":25,"column":4}},"4":{"start":{"line":27,"column":2},"end":{"line":27,"column":18}}},"fnMap":{"0":{"name":"(anonymous_0)","decl":{"start":{"line":5,"column":17},"end":{"line":5,"column":18}},"loc":{"start":{"line":5,"column":43},"end":{"line":28,"column":1}},"line":5},"1":{"name":"(anonymous_1)","decl":{"start":{"line":12,"column":4},"end":{"line":12,"column":5}},"loc":{"start":{"line":12,"column":29},"end":{"line":15,"column":5}},"line":12}},"branchMap":{},"s":{"0":2,"1":2,"2":2,"3":2,"4":2},"f":{"0":2,"1":2},"b":{},"_coverageSchema":"1a1c01bbd47fc00a2c39e90264f33305004495a9","hash":"79c0ac54a114fff07acd73a3aee1fe78221a99db"}
,"C:\\Users\\Admin\\Downloads\\graduation-thesis-main\\backend\\src\\models\\CafeVarieties.js": {"path":"C:\\Users\\Admin\\Downloads\\graduation-thesis-main\\backend\\src\\models\\CafeVarieties.js","statementMap":{"0":{"start":{"line":4,"column":4},"end":{"line":4,"column":24}},"1":{"start":{"line":5,"column":0},"end":{"line":34,"column":2}},"2":{"start":{"line":13,"column":6},"end":{"line":13,"column":95}},"3":{"start":{"line":14,"column":6},"end":{"line":14,"column":153}},"4":{"start":{"line":18,"column":2},"end":{"line":31,"column":4}},"5":{"start":{"line":33,"column":2},"end":{"line":33,"column":21}}},"fnMap":{"0":{"name":"(anonymous_0)","decl":{"start":{"line":5,"column":17},"end":{"line":5,"column":18}},"loc":{"start":{"line":5,"column":43},"end":{"line":34,"column":1}},"line":5},"1":{"name":"(anonymous_1)","decl":{"start":{"line":12,"column":4},"end":{"line":12,"column":5}},"loc":{"start":{"line":12,"column":29},"end":{"line":16,"column":5}},"line":12}},"branchMap":{},"s":{"0":2,"1":2,"2":2,"3":2,"4":2,"5":2},"f":{"0":2,"1":2},"b":{},"_coverageSchema":"1a1c01bbd47fc00a2c39e90264f33305004495a9","hash":"3b4feb6d0a597b943433546f84ee7a6abc8a45df"}
,"C:\\Users\\Admin\\Downloads\\graduation-thesis-main\\backend\\src\\models\\CafeVarietyImages.js": {"path":"C:\\Users\\Admin\\Downloads\\graduation-thesis-main\\backend\\src\\models\\CafeVarietyImages.js","statementMap":{"0":{"start":{"line":4,"column":4},"end":{"line":4,"column":24}},"1":{"start":{"line":5,"column":0},"end":{"line":30,"column":2}},"2":{"start":{"line":13,"column":6},"end":{"line":13,"column":95}},"3":{"start":{"line":17,"column":2},"end":{"line":27,"column":4}},"4":{"start":{"line":29,"column":2},"end":{"line":29,"column":26}}},"fnMap":{"0":{"name":"(anonymous_0)","decl":{"start":{"line":5,"column":17},"end":{"line":5,"column":18}},"loc":{"start":{"line":5,"column":43},"end":{"line":30,"column":1}},"line":5},"1":{"name":"(anonymous_1)","decl":{"start":{"line":12,"column":4},"end":{"line":12,"column":5}},"loc":{"start":{"line":12,"column":29},"end":{"line":15,"column":5}},"line":12}},"branchMap":{},"s":{"0":2,"1":2,"2":2,"3":2,"4":2},"f":{"0":2,"1":2},"b":{},"_coverageSchema":"1a1c01bbd47fc00a2c39e90264f33305004495a9","hash":"4d78b1c2c970db8a957fd618a779bb3a9a10eea8"}
,"C:\\Users\\Admin\\Downloads\\graduation-thesis-main\\backend\\src\\models\\CultivationTechnique.js": {"path":"C:\\Users\\Admin\\Downloads\\graduation-thesis-main\\backend\\src\\models\\CultivationTechnique.js","statementMap":{"0":{"start":{"line":4,"column":4},"end":{"line":4,"column":24}},"1":{"start":{"line":5,"column":0},"end":{"line":30,"column":2}},"2":{"start":{"line":16,"column":2},"end":{"line":27,"column":4}},"3":{"start":{"line":29,"column":2},"end":{"line":29,"column":30}}},"fnMap":{"0":{"name":"(anonymous_0)","decl":{"start":{"line":5,"column":17},"end":{"line":5,"column":18}},"loc":{"start":{"line":5,"column":43},"end":{"line":30,"column":1}},"line":5},"1":{"name":"(anonymous_1)","decl":{"start":{"line":12,"column":4},"end":{"line":12,"column":5}},"loc":{"start":{"line":12,"column":29},"end":{"line":14,"column":5}},"line":12}},"branchMap":{},"s":{"0":2,"1":2,"2":2,"3":2},"f":{"0":2,"1":2},"b":{},"_coverageSchema":"1a1c01bbd47fc00a2c39e90264f33305004495a9","hash":"311254c2567e52feb7829c2c7fe23d053f180eeb"}
,"C:\\Users\\Admin\\Downloads\\graduation-thesis-main\\backend\\src\\models\\FarmUpdateReview.js": {"path":"C:\\Users\\Admin\\Downloads\\graduation-thesis-main\\backend\\src\\models\\FarmUpdateReview.js","statementMap":{"0":{"start":{"line":2,"column":18},"end":{"line":2,"column":38}},"1":{"start":{"line":4,"column":0},"end":{"line":23,"column":2}},"2":{"start":{"line":7,"column":6},"end":{"line":7,"column":100}},"3":{"start":{"line":8,"column":6},"end":{"line":8,"column":86}},"4":{"start":{"line":12,"column":2},"end":{"line":20,"column":4}},"5":{"start":{"line":22,"column":2},"end":{"line":22,"column":26}}},"fnMap":{"0":{"name":"(anonymous_0)","decl":{"start":{"line":4,"column":17},"end":{"line":4,"column":18}},"loc":{"start":{"line":4,"column":43},"end":{"line":23,"column":1}},"line":4},"1":{"name":"(anonymous_1)","decl":{"start":{"line":6,"column":4},"end":{"line":6,"column":5}},"loc":{"start":{"line":6,"column":29},"end":{"line":9,"column":5}},"line":6}},"branchMap":{},"s":{"0":2,"1":2,"2":2,"3":2,"4":2,"5":2},"f":{"0":2,"1":2},"b":{},"_coverageSchema":"1a1c01bbd47fc00a2c39e90264f33305004495a9","hash":"c74da6f88dc582ff940b9845403f4396d76322e4"}
,"C:\\Users\\Admin\\Downloads\\graduation-thesis-main\\backend\\src\\models\\FarmWeeklyUpdate.js": {"path":"C:\\Users\\Admin\\Downloads\\graduation-thesis-main\\backend\\src\\models\\FarmWeeklyUpdate.js","statementMap":{"0":{"start":{"line":2,"column":18},"end":{"line":2,"column":38}},"1":{"start":{"line":4,"column":0},"end":{"line":34,"column":2}},"2":{"start":{"line":7,"column":6},"end":{"line":7,"column":88}},"3":{"start":{"line":8,"column":6},"end":{"line":8,"column":105}},"4":{"start":{"line":9,"column":6},"end":{"line":9,"column":97}},"5":{"start":{"line":13,"column":2},"end":{"line":31,"column":4}},"6":{"start":{"line":33,"column":2},"end":{"line":33,"column":26}}},"fnMap":{"0":{"name":"(anonymous_0)","decl":{"start":{"line":4,"column":17},"end":{"line":4,"column":18}},"loc":{"start":{"line":4,"column":43},"end":{"line":34,"column":1}},"line":4},"1":{"name":"(anonymous_1)","decl":{"start":{"line":6,"column":4},"end":{"line":6,"column":5}},"loc":{"start":{"line":6,"column":29},"end":{"line":10,"column":5}},"line":6}},"branchMap":{},"s":{"0":2,"1":2,"2":2,"3":2,"4":2,"5":2,"6":2},"f":{"0":2,"1":2},"b":{},"_coverageSchema":"1a1c01bbd47fc00a2c39e90264f33305004495a9","hash":"d2e48b091d37b9ae67946be1ee07624cf6d8907a"}
,"C:\\Users\\Admin\\Downloads\\graduation-thesis-main\\backend\\src\\models\\FarmingModel.js": {"path":"C:\\Users\\Admin\\Downloads\\graduation-thesis-main\\backend\\src\\models\\FarmingModel.js","statementMap":{"0":{"start":{"line":4,"column":4},"end":{"line":4,"column":24}},"1":{"start":{"line":5,"column":0},"end":{"line":31,"column":2}},"2":{"start":{"line":16,"column":2},"end":{"line":28,"column":4}},"3":{"start":{"line":30,"column":2},"end":{"line":30,"column":22}}},"fnMap":{"0":{"name":"(anonymous_0)","decl":{"start":{"line":5,"column":17},"end":{"line":5,"column":18}},"loc":{"start":{"line":5,"column":43},"end":{"line":31,"column":1}},"line":5},"1":{"name":"(anonymous_1)","decl":{"start":{"line":12,"column":4},"end":{"line":12,"column":5}},"loc":{"start":{"line":12,"column":29},"end":{"line":14,"column":5}},"line":12}},"branchMap":{},"s":{"0":2,"1":2,"2":2,"3":2},"f":{"0":2,"1":2},"b":{},"_coverageSchema":"1a1c01bbd47fc00a2c39e90264f33305004495a9","hash":"1982ad9194d6176687c9cbbf905d63bf92b734d6"}
,"C:\\Users\\Admin\\Downloads\\graduation-thesis-main\\backend\\src\\models\\GrowthStages.js": {"path":"C:\\Users\\Admin\\Downloads\\graduation-thesis-main\\backend\\src\\models\\GrowthStages.js","statementMap":{"0":{"start":{"line":4,"column":4},"end":{"line":4,"column":24}},"1":{"start":{"line":5,"column":0},"end":{"line":32,"column":2}},"2":{"start":{"line":13,"column":6},"end":{"line":18,"column":9}},"3":{"start":{"line":21,"column":2},"end":{"line":29,"column":4}},"4":{"start":{"line":31,"column":2},"end":{"line":31,"column":21}}},"fnMap":{"0":{"name":"(anonymous_0)","decl":{"start":{"line":5,"column":17},"end":{"line":5,"column":18}},"loc":{"start":{"line":5,"column":43},"end":{"line":32,"column":1}},"line":5},"1":{"name":"(anonymous_1)","decl":{"start":{"line":12,"column":4},"end":{"line":12,"column":5}},"loc":{"start":{"line":12,"column":29},"end":{"line":19,"column":5}},"line":12}},"branchMap":{},"s":{"0":2,"1":2,"2":2,"3":2,"4":2},"f":{"0":2,"1":2},"b":{},"_coverageSchema":"1a1c01bbd47fc00a2c39e90264f33305004495a9","hash":"58efed275a5b78792355b6db08c07dc2e89e8621"}
,"C:\\Users\\Admin\\Downloads\\graduation-thesis-main\\backend\\src\\models\\PestCategories.js": {"path":"C:\\Users\\Admin\\Downloads\\graduation-thesis-main\\backend\\src\\models\\PestCategories.js","statementMap":{"0":{"start":{"line":4,"column":4},"end":{"line":4,"column":24}},"1":{"start":{"line":5,"column":0},"end":{"line":30,"column":2}},"2":{"start":{"line":13,"column":6},"end":{"line":16,"column":9}},"3":{"start":{"line":19,"column":2},"end":{"line":27,"column":4}},"4":{"start":{"line":29,"column":2},"end":{"line":29,"column":22}}},"fnMap":{"0":{"name":"(anonymous_0)","decl":{"start":{"line":5,"column":17},"end":{"line":5,"column":18}},"loc":{"start":{"line":5,"column":43},"end":{"line":30,"column":1}},"line":5},"1":{"name":"(anonymous_1)","decl":{"start":{"line":12,"column":4},"end":{"line":12,"column":5}},"loc":{"start":{"line":12,"column":29},"end":{"line":17,"column":5}},"line":12}},"branchMap":{},"s":{"0":2,"1":2,"2":2,"3":2,"4":2},"f":{"0":2,"1":2},"b":{},"_coverageSchema":"1a1c01bbd47fc00a2c39e90264f33305004495a9","hash":"80c36c1474bbedf092de1f3d37987746142a60b8"}
,"C:\\Users\\Admin\\Downloads\\graduation-thesis-main\\backend\\src\\models\\PestDiseaseImages.js": {"path":"C:\\Users\\Admin\\Downloads\\graduation-thesis-main\\backend\\src\\models\\PestDiseaseImages.js","statementMap":{"0":{"start":{"line":4,"column":4},"end":{"line":4,"column":24}},"1":{"start":{"line":5,"column":0},"end":{"line":32,"column":2}},"2":{"start":{"line":13,"column":6},"end":{"line":16,"column":9}},"3":{"start":{"line":20,"column":2},"end":{"line":29,"column":4}},"4":{"start":{"line":31,"column":2},"end":{"line":31,"column":26}}},"fnMap":{"0":{"name":"(anonymous_0)","decl":{"start":{"line":5,"column":17},"end":{"line":5,"column":18}},"loc":{"start":{"line":5,"column":43},"end":{"line":32,"column":1}},"line":5},"1":{"name":"(anonymous_1)","decl":{"start":{"line":12,"column":4},"end":{"line":12,"column":5}},"loc":{"start":{"line":12,"column":29},"end":{"line":18,"column":5}},"line":12}},"branchMap":{},"s":{"0":2,"1":2,"2":2,"3":2,"4":2},"f":{"0":2,"1":2},"b":{},"_coverageSchema":"1a1c01bbd47fc00a2c39e90264f33305004495a9","hash":"1505ffbebc212df4b89c43dcdbe1373c047e6bc4"}
,"C:\\Users\\Admin\\Downloads\\graduation-thesis-main\\backend\\src\\models\\PestDiseases.js": {"path":"C:\\Users\\Admin\\Downloads\\graduation-thesis-main\\backend\\src\\models\\PestDiseases.js","statementMap":{"0":{"start":{"line":4,"column":4},"end":{"line":4,"column":24}},"1":{"start":{"line":5,"column":0},"end":{"line":49,"column":2}},"2":{"start":{"line":13,"column":6},"end":{"line":16,"column":9}},"3":{"start":{"line":18,"column":6},"end":{"line":21,"column":9}},"4":{"start":{"line":23,"column":6},"end":{"line":28,"column":9}},"5":{"start":{"line":32,"column":2},"end":{"line":46,"column":4}},"6":{"start":{"line":48,"column":2},"end":{"line":48,"column":21}}},"fnMap":{"0":{"name":"(anonymous_0)","decl":{"start":{"line":5,"column":17},"end":{"line":5,"column":18}},"loc":{"start":{"line":5,"column":43},"end":{"line":49,"column":1}},"line":5},"1":{"name":"(anonymous_1)","decl":{"start":{"line":12,"column":4},"end":{"line":12,"column":5}},"loc":{"start":{"line":12,"column":29},"end":{"line":30,"column":5}},"line":12}},"branchMap":{},"s":{"0":2,"1":2,"2":2,"3":2,"4":2,"5":2,"6":2},"f":{"0":2,"1":2},"b":{},"_coverageSchema":"1a1c01bbd47fc00a2c39e90264f33305004495a9","hash":"7e55a2b38af959ea5a2d52b1d9084cc2e98f69ef"}
,"C:\\Users\\Admin\\Downloads\\graduation-thesis-main\\backend\\src\\models\\PestPrediction.js": {"path":"C:\\Users\\Admin\\Downloads\\graduation-thesis-main\\backend\\src\\models\\PestPrediction.js","statementMap":{"0":{"start":{"line":4,"column":4},"end":{"line":4,"column":24}},"1":{"start":{"line":5,"column":0},"end":{"line":30,"column":2}},"2":{"start":{"line":16,"column":2},"end":{"line":27,"column":4}},"3":{"start":{"line":29,"column":2},"end":{"line":29,"column":24}}},"fnMap":{"0":{"name":"(anonymous_0)","decl":{"start":{"line":5,"column":17},"end":{"line":5,"column":18}},"loc":{"start":{"line":5,"column":43},"end":{"line":30,"column":1}},"line":5},"1":{"name":"(anonymous_1)","decl":{"start":{"line":12,"column":4},"end":{"line":12,"column":5}},"loc":{"start":{"line":12,"column":29},"end":{"line":14,"column":5}},"line":12}},"branchMap":{},"s":{"0":2,"1":2,"2":2,"3":2},"f":{"0":2,"1":2},"b":{},"_coverageSchema":"1a1c01bbd47fc00a2c39e90264f33305004495a9","hash":"564ea7505324f863dcb1518dbe0d4c58d97d966d"}
,"C:\\Users\\Admin\\Downloads\\graduation-thesis-main\\backend\\src\\models\\UserFarm.js": {"path":"C:\\Users\\Admin\\Downloads\\graduation-thesis-main\\backend\\src\\models\\UserFarm.js","statementMap":{"0":{"start":{"line":2,"column":18},"end":{"line":2,"column":38}},"1":{"start":{"line":4,"column":0},"end":{"line":27,"column":2}},"2":{"start":{"line":7,"column":6},"end":{"line":7,"column":76}},"3":{"start":{"line":8,"column":6},"end":{"line":8,"column":97}},"4":{"start":{"line":9,"column":6},"end":{"line":9,"column":95}},"5":{"start":{"line":13,"column":2},"end":{"line":24,"column":4}},"6":{"start":{"line":26,"column":2},"end":{"line":26,"column":18}}},"fnMap":{"0":{"name":"(anonymous_0)","decl":{"start":{"line":4,"column":17},"end":{"line":4,"column":18}},"loc":{"start":{"line":4,"column":43},"end":{"line":27,"column":1}},"line":4},"1":{"name":"(anonymous_1)","decl":{"start":{"line":6,"column":4},"end":{"line":6,"column":5}},"loc":{"start":{"line":6,"column":29},"end":{"line":10,"column":5}},"line":6}},"branchMap":{},"s":{"0":2,"1":2,"2":2,"3":2,"4":2,"5":2,"6":2},"f":{"0":2,"1":2},"b":{},"_coverageSchema":"1a1c01bbd47fc00a2c39e90264f33305004495a9","hash":"3f5cff3a5d78651e3e839a05f3acd7dcc651545e"}
,"C:\\Users\\Admin\\Downloads\\graduation-thesis-main\\backend\\src\\models\\index.js": {"path":"C:\\Users\\Admin\\Downloads\\graduation-thesis-main\\backend\\src\\models\\index.js","statementMap":{"0":{"start":{"line":2,"column":0},"end":{"line":2,"column":27}},"1":{"start":{"line":3,"column":11},"end":{"line":3,"column":24}},"2":{"start":{"line":4,"column":13},"end":{"line":4,"column":28}},"3":{"start":{"line":5,"column":18},"end":{"line":5,"column":38}},"4":{"start":{"line":6,"column":17},"end":{"line":6,"column":42}},"5":{"start":{"line":9,"column":11},"end":{"line":9,"column":13}},"6":{"start":{"line":12,"column":24},"end":{"line":21,"column":1}},"7":{"start":{"line":23,"column":0},"end":{"line":28,"column":2}},"8":{"start":{"line":35,"column":0},"end":{"line":43,"column":5}},"9":{"start":{"line":38,"column":4},"end":{"line":38,"column":90}},"10":{"start":{"line":41,"column":18},"end":{"line":41,"column":85}},"11":{"start":{"line":42,"column":4},"end":{"line":42,"column":27}},"12":{"start":{"line":45,"column":0},"end":{"line":49,"column":3}},"13":{"start":{"line":46,"column":2},"end":{"line":48,"column":3}},"14":{"start":{"line":47,"column":4},"end":{"line":47,"column":32}},"15":{"start":{"line":51,"column":0},"end":{"line":51,"column":25}},"16":{"start":{"line":52,"column":0},"end":{"line":52,"column":25}},"17":{"start":{"line":54,"column":0},"end":{"line":54,"column":20}}},"fnMap":{"0":{"name":"(anonymous_0)","decl":{"start":{"line":37,"column":10},"end":{"line":37,"column":11}},"loc":{"start":{"line":37,"column":18},"end":{"line":39,"column":3}},"line":37},"1":{"name":"(anonymous_1)","decl":{"start":{"line":40,"column":11},"end":{"line":40,"column":12}},"loc":{"start":{"line":40,"column":19},"end":{"line":43,"column":3}},"line":40},"2":{"name":"(anonymous_2)","decl":{"start":{"line":45,"column":24},"end":{"line":45,"column":25}},"loc":{"start":{"line":45,"column":37},"end":{"line":49,"column":1}},"line":45}},"branchMap":{"0":{"loc":{"start":{"line":38,"column":11},"end":{"line":38,"column":89}},"type":"binary-expr","locations":[{"start":{"line":38,"column":12},"end":{"line":38,"column":35}},{"start":{"line":38,"column":41},"end":{"line":38,"column":58}},{"start":{"line":38,"column":64},"end":{"line":38,"column":88}}],"line":38},"1":{"loc":{"start":{"line":46,"column":2},"end":{"line":48,"column":3}},"type":"if","locations":[{"start":{"line":46,"column":2},"end":{"line":48,"column":3}},{"start":{},"end":{}}],"line":46}},"s":{"0":2,"1":2,"2":2,"3":2,"4":2,"5":2,"6":2,"7":2,"8":2,"9":30,"10":28,"11":28,"12":2,"13":28,"14":28,"15":2,"16":2,"17":2},"f":{"0":30,"1":28,"2":28},"b":{"0":[30,30,28],"1":[28,0]},"_coverageSchema":"1a1c01bbd47fc00a2c39e90264f33305004495a9","hash":"c8f9f13f7e31c120cffa200d60e72bc415f713d7"}
,"C:\\Users\\Admin\\Downloads\\graduation-thesis-main\\backend\\src\\models\\users.js": {"path":"C:\\Users\\Admin\\Downloads\\graduation-thesis-main\\backend\\src\\models\\users.js","statementMap":{"0":{"start":{"line":4,"column":4},"end":{"line":4,"column":24}},"1":{"start":{"line":5,"column":0},"end":{"line":32,"column":2}},"2":{"start":{"line":17,"column":2},"end":{"line":29,"column":4}},"3":{"start":{"line":31,"column":2},"end":{"line":31,"column":14}}},"fnMap":{"0":{"name":"(anonymous_0)","decl":{"start":{"line":5,"column":17},"end":{"line":5,"column":18}},"loc":{"start":{"line":5,"column":43},"end":{"line":32,"column":1}},"line":5},"1":{"name":"(anonymous_1)","decl":{"start":{"line":12,"column":4},"end":{"line":12,"column":5}},"loc":{"start":{"line":12,"column":29},"end":{"line":15,"column":5}},"line":12}},"branchMap":{},"s":{"0":2,"1":2,"2":2,"3":2},"f":{"0":2,"1":2},"b":{},"_coverageSchema":"1a1c01bbd47fc00a2c39e90264f33305004495a9","hash":"37f0789cf802e2048a10469cd68bfa40179aa7a8"}
,"C:\\Users\\Admin\\Downloads\\graduation-thesis-main\\backend\\src\\services\\adminService.js": {"path":"C:\\Users\\Admin\\Downloads\\graduation-thesis-main\\backend\\src\\services\\adminService.js","statementMap":{"0":{"start":{"line":1,"column":16},"end":{"line":1,"column":38}},"1":{"start":{"line":2,"column":11},"end":{"line":2,"column":40}},"2":{"start":{"line":3,"column":15},"end":{"line":3,"column":34}},"3":{"start":{"line":4,"column":18},"end":{"line":4,"column":38}},"4":{"start":{"line":5,"column":13},"end":{"line":5,"column":35}},"5":{"start":{"line":6,"column":17},"end":{"line":6,"column":49}},"6":{"start":{"line":7,"column":24},"end":{"line":14,"column":1}},"7":{"start":{"line":8,"column":4},"end":{"line":13,"column":5}},"8":{"start":{"line":9,"column":20},"end":{"line":9,"column":43}},"9":{"start":{"line":10,"column":8},"end":{"line":10,"column":61}},"10":{"start":{"line":12,"column":8},"end":{"line":12,"column":69}},"11":{"start":{"line":16,"column":24},"end":{"line":36,"column":1}},"12":{"start":{"line":17,"column":4},"end":{"line":35,"column":5}},"13":{"start":{"line":18,"column":27},"end":{"line":18,"column":86}},"14":{"start":{"line":19,"column":8},"end":{"line":21,"column":9}},"15":{"start":{"line":20,"column":12},"end":{"line":20,"column":70}},"16":{"start":{"line":23,"column":29},"end":{"line":23,"column":69}},"17":{"start":{"line":24,"column":22},"end":{"line":30,"column":10}},"18":{"start":{"line":32,"column":8},"end":{"line":32,"column":86}},"19":{"start":{"line":34,"column":8},"end":{"line":34,"column":69}},"20":{"start":{"line":38,"column":24},"end":{"line":65,"column":1}},"21":{"start":{"line":39,"column":4},"end":{"line":64,"column":5}},"22":{"start":{"line":40,"column":19},"end":{"line":43,"column":10}},"23":{"start":{"line":44,"column":8},"end":{"line":53,"column":9}},"24":{"start":{"line":45,"column":12},"end":{"line":47,"column":43}},"25":{"start":{"line":49,"column":12},"end":{"line":49,"column":30}},"26":{"start":{"line":50,"column":12},"end":{"line":50,"column":87}},"27":{"start":{"line":52,"column":12},"end":{"line":52,"column":64}},"28":{"start":{"line":62,"column":8},"end":{"line":62,"column":22}},"29":{"start":{"line":63,"column":8},"end":{"line":63,"column":69}},"30":{"start":{"line":67,"column":24},"end":{"line":82,"column":1}},"31":{"start":{"line":68,"column":4},"end":{"line":81,"column":5}},"32":{"start":{"line":69,"column":19},"end":{"line":72,"column":10}},"33":{"start":{"line":73,"column":8},"end":{"line":75,"column":9}},"34":{"start":{"line":74,"column":12},"end":{"line":74,"column":64}},"35":{"start":{"line":77,"column":8},"end":{"line":77,"column":29}},"36":{"start":{"line":78,"column":8},"end":{"line":78,"column":71}},"37":{"start":{"line":80,"column":8},"end":{"line":80,"column":69}},"38":{"start":{"line":84,"column":24},"end":{"line":144,"column":1}},"39":{"start":{"line":85,"column":4},"end":{"line":85,"column":26}},"40":{"start":{"line":86,"column":4},"end":{"line":86,"column":23}},"41":{"start":{"line":88,"column":23},"end":{"line":90,"column":6}},"42":{"start":{"line":91,"column":4},"end":{"line":96,"column":5}},"43":{"start":{"line":92,"column":8},"end":{"line":95,"column":10}},"44":{"start":{"line":97,"column":19},"end":{"line":97,"column":21}},"45":{"start":{"line":98,"column":22},"end":{"line":98,"column":24}},"46":{"start":{"line":99,"column":4},"end":{"line":123,"column":5}},"47":{"start":{"line":100,"column":19},"end":{"line":100,"column":30}},"48":{"start":{"line":106,"column":8},"end":{"line":120,"column":9}},"49":{"start":{"line":107,"column":28},"end":{"line":111,"column":14}},"50":{"start":{"line":112,"column":12},"end":{"line":112,"column":37}},"51":{"start":{"line":113,"column":12},"end":{"line":113,"column":43}},"52":{"start":{"line":115,"column":12},"end":{"line":115,"column":57}},"53":{"start":{"line":116,"column":12},"end":{"line":119,"column":14}},"54":{"start":{"line":125,"column":18},"end":{"line":132,"column":6}},"55":{"start":{"line":135,"column":4},"end":{"line":137,"column":5}},"56":{"start":{"line":136,"column":8},"end":{"line":136,"column":57}},"57":{"start":{"line":139,"column":4},"end":{"line":143,"column":6}},"58":{"start":{"line":146,"column":24},"end":{"line":164,"column":1}},"59":{"start":{"line":147,"column":4},"end":{"line":163,"column":5}},"60":{"start":{"line":148,"column":20},"end":{"line":159,"column":10}},"61":{"start":{"line":160,"column":8},"end":{"line":160,"column":61}},"62":{"start":{"line":162,"column":8},"end":{"line":162,"column":69}},"63":{"start":{"line":166,"column":25},"end":{"line":181,"column":1}},"64":{"start":{"line":167,"column":15},"end":{"line":179,"column":6}},"65":{"start":{"line":180,"column":4},"end":{"line":180,"column":56}},"66":{"start":{"line":183,"column":24},"end":{"line":237,"column":1}},"67":{"start":{"line":184,"column":4},"end":{"line":236,"column":5}},"68":{"start":{"line":185,"column":19},"end":{"line":189,"column":10}},"69":{"start":{"line":190,"column":8},"end":{"line":195,"column":9}},"70":{"start":{"line":191,"column":12},"end":{"line":194,"column":14}},"71":{"start":{"line":196,"column":8},"end":{"line":196,"column":49}},"72":{"start":{"line":197,"column":8},"end":{"line":197,"column":70}},"73":{"start":{"line":198,"column":8},"end":{"line":198,"column":94}},"74":{"start":{"line":199,"column":8},"end":{"line":199,"column":82}},"75":{"start":{"line":200,"column":8},"end":{"line":219,"column":9}},"76":{"start":{"line":201,"column":25},"end":{"line":201,"column":82}},"77":{"start":{"line":202,"column":30},"end":{"line":202,"column":48}},"78":{"start":{"line":203,"column":30},"end":{"line":207,"column":14}},"79":{"start":{"line":209,"column":12},"end":{"line":209,"column":43}},"80":{"start":{"line":210,"column":12},"end":{"line":210,"column":50}},"81":{"start":{"line":212,"column":12},"end":{"line":218,"column":13}},"82":{"start":{"line":213,"column":16},"end":{"line":217,"column":17}},"83":{"start":{"line":214,"column":20},"end":{"line":214,"column":57}},"84":{"start":{"line":216,"column":20},"end":{"line":216,"column":83}},"85":{"start":{"line":220,"column":8},"end":{"line":222,"column":9}},"86":{"start":{"line":221,"column":12},"end":{"line":221,"column":58}},"87":{"start":{"line":223,"column":8},"end":{"line":223,"column":26}},"88":{"start":{"line":224,"column":8},"end":{"line":228,"column":10}},"89":{"start":{"line":230,"column":8},"end":{"line":230,"column":42}},"90":{"start":{"line":231,"column":8},"end":{"line":235,"column":10}},"91":{"start":{"line":239,"column":24},"end":{"line":278,"column":1}},"92":{"start":{"line":240,"column":4},"end":{"line":277,"column":5}},"93":{"start":{"line":241,"column":19},"end":{"line":245,"column":10}},"94":{"start":{"line":247,"column":8},"end":{"line":249,"column":9}},"95":{"start":{"line":248,"column":12},"end":{"line":248,"column":75}},"96":{"start":{"line":252,"column":8},"end":{"line":252,"column":36}},"97":{"start":{"line":255,"column":8},"end":{"line":261,"column":9}},"98":{"start":{"line":256,"column":12},"end":{"line":260,"column":13}},"99":{"start":{"line":257,"column":16},"end":{"line":257,"column":60}},"100":{"start":{"line":259,"column":16},"end":{"line":259,"column":81}},"101":{"start":{"line":264,"column":8},"end":{"line":264,"column":29}},"102":{"start":{"line":266,"column":8},"end":{"line":269,"column":10}},"103":{"start":{"line":271,"column":8},"end":{"line":271,"column":42}},"104":{"start":{"line":272,"column":8},"end":{"line":276,"column":10}},"105":{"start":{"line":279,"column":31},"end":{"line":378,"column":1}},"106":{"start":{"line":280,"column":4},"end":{"line":377,"column":5}},"107":{"start":{"line":282,"column":27},"end":{"line":284,"column":10}},"108":{"start":{"line":285,"column":8},"end":{"line":290,"column":9}},"109":{"start":{"line":286,"column":12},"end":{"line":289,"column":14}},"110":{"start":{"line":293,"column":23},"end":{"line":293,"column":25}},"111":{"start":{"line":294,"column":26},"end":{"line":294,"column":28}},"112":{"start":{"line":295,"column":8},"end":{"line":304,"column":9}},"113":{"start":{"line":296,"column":23},"end":{"line":296,"column":34}},"114":{"start":{"line":297,"column":28},"end":{"line":301,"column":14}},"115":{"start":{"line":302,"column":12},"end":{"line":302,"column":37}},"116":{"start":{"line":303,"column":12},"end":{"line":303,"column":43}},"117":{"start":{"line":307,"column":22},"end":{"line":315,"column":10}},"118":{"start":{"line":318,"column":8},"end":{"line":335,"column":9}},"119":{"start":{"line":319,"column":32},"end":{"line":321,"column":40}},"120":{"start":{"line":323,"column":12},"end":{"line":334,"column":13}},"121":{"start":{"line":324,"column":32},"end":{"line":328,"column":18}},"122":{"start":{"line":330,"column":16},"end":{"line":333,"column":19}},"123":{"start":{"line":338,"column":8},"end":{"line":341,"column":9}},"124":{"start":{"line":340,"column":12},"end":{"line":340,"column":67}},"125":{"start":{"line":344,"column":32},"end":{"line":362,"column":10}},"126":{"start":{"line":364,"column":8},"end":{"line":368,"column":10}},"127":{"start":{"line":371,"column":8},"end":{"line":371,"column":55}},"128":{"start":{"line":372,"column":8},"end":{"line":376,"column":10}},"129":{"start":{"line":379,"column":31},"end":{"line":405,"column":1}},"130":{"start":{"line":380,"column":4},"end":{"line":404,"column":5}},"131":{"start":{"line":381,"column":20},"end":{"line":400,"column":10}},"132":{"start":{"line":401,"column":8},"end":{"line":401,"column":61}},"133":{"start":{"line":403,"column":8},"end":{"line":403,"column":69}},"134":{"start":{"line":407,"column":32},"end":{"line":434,"column":1}},"135":{"start":{"line":408,"column":4},"end":{"line":433,"column":5}},"136":{"start":{"line":409,"column":19},"end":{"line":429,"column":10}},"137":{"start":{"line":430,"column":8},"end":{"line":430,"column":60}},"138":{"start":{"line":432,"column":8},"end":{"line":432,"column":69}},"139":{"start":{"line":436,"column":31},"end":{"line":550,"column":1}},"140":{"start":{"line":437,"column":4},"end":{"line":549,"column":5}},"141":{"start":{"line":438,"column":19},"end":{"line":445,"column":10}},"142":{"start":{"line":447,"column":8},"end":{"line":452,"column":9}},"143":{"start":{"line":448,"column":12},"end":{"line":451,"column":14}},"144":{"start":{"line":455,"column":8},"end":{"line":455,"column":49}},"145":{"start":{"line":456,"column":8},"end":{"line":456,"column":82}},"146":{"start":{"line":457,"column":8},"end":{"line":457,"column":70}},"147":{"start":{"line":458,"column":8},"end":{"line":458,"column":94}},"148":{"start":{"line":459,"column":8},"end":{"line":459,"column":82}},"149":{"start":{"line":462,"column":8},"end":{"line":482,"column":9}},"150":{"start":{"line":463,"column":25},"end":{"line":463,"column":82}},"151":{"start":{"line":464,"column":30},"end":{"line":464,"column":48}},"152":{"start":{"line":466,"column":30},"end":{"line":470,"column":14}},"153":{"start":{"line":472,"column":12},"end":{"line":472,"column":43}},"154":{"start":{"line":473,"column":12},"end":{"line":473,"column":50}},"155":{"start":{"line":475,"column":12},"end":{"line":481,"column":13}},"156":{"start":{"line":476,"column":16},"end":{"line":480,"column":17}},"157":{"start":{"line":477,"column":20},"end":{"line":477,"column":57}},"158":{"start":{"line":479,"column":20},"end":{"line":479,"column":83}},"159":{"start":{"line":485,"column":8},"end":{"line":507,"column":9}},"160":{"start":{"line":487,"column":12},"end":{"line":489,"column":15}},"161":{"start":{"line":491,"column":32},"end":{"line":493,"column":40}},"162":{"start":{"line":495,"column":12},"end":{"line":506,"column":13}},"163":{"start":{"line":496,"column":32},"end":{"line":500,"column":18}},"164":{"start":{"line":502,"column":16},"end":{"line":505,"column":19}},"165":{"start":{"line":510,"column":8},"end":{"line":512,"column":9}},"166":{"start":{"line":511,"column":12},"end":{"line":511,"column":66}},"167":{"start":{"line":514,"column":8},"end":{"line":514,"column":26}},"168":{"start":{"line":517,"column":28},"end":{"line":535,"column":10}},"169":{"start":{"line":537,"column":8},"end":{"line":541,"column":10}},"170":{"start":{"line":543,"column":8},"end":{"line":543,"column":42}},"171":{"start":{"line":544,"column":8},"end":{"line":548,"column":10}},"172":{"start":{"line":552,"column":31},"end":{"line":599,"column":1}},"173":{"start":{"line":553,"column":4},"end":{"line":598,"column":5}},"174":{"start":{"line":554,"column":19},"end":{"line":561,"column":10}},"175":{"start":{"line":563,"column":8},"end":{"line":565,"column":9}},"176":{"start":{"line":564,"column":12},"end":{"line":564,"column":73}},"177":{"start":{"line":568,"column":8},"end":{"line":568,"column":39}},"178":{"start":{"line":571,"column":8},"end":{"line":577,"column":9}},"179":{"start":{"line":572,"column":12},"end":{"line":576,"column":13}},"180":{"start":{"line":573,"column":16},"end":{"line":573,"column":62}},"181":{"start":{"line":575,"column":16},"end":{"line":575,"column":87}},"182":{"start":{"line":580,"column":8},"end":{"line":582,"column":11}},"183":{"start":{"line":585,"column":8},"end":{"line":585,"column":29}},"184":{"start":{"line":587,"column":8},"end":{"line":590,"column":10}},"185":{"start":{"line":592,"column":8},"end":{"line":592,"column":42}},"186":{"start":{"line":593,"column":8},"end":{"line":597,"column":10}},"187":{"start":{"line":601,"column":31},"end":{"line":632,"column":1}},"188":{"start":{"line":602,"column":4},"end":{"line":631,"column":5}},"189":{"start":{"line":603,"column":34},"end":{"line":605,"column":10}},"190":{"start":{"line":606,"column":8},"end":{"line":611,"column":9}},"191":{"start":{"line":607,"column":12},"end":{"line":610,"column":14}},"192":{"start":{"line":613,"column":29},"end":{"line":617,"column":10}},"193":{"start":{"line":619,"column":8},"end":{"line":623,"column":10}},"194":{"start":{"line":625,"column":8},"end":{"line":625,"column":54}},"195":{"start":{"line":626,"column":8},"end":{"line":630,"column":10}},"196":{"start":{"line":634,"column":31},"end":{"line":641,"column":1}},"197":{"start":{"line":635,"column":4},"end":{"line":640,"column":5}},"198":{"start":{"line":636,"column":27},"end":{"line":636,"column":66}},"199":{"start":{"line":637,"column":8},"end":{"line":637,"column":68}},"200":{"start":{"line":639,"column":8},"end":{"line":639,"column":69}},"201":{"start":{"line":643,"column":32},"end":{"line":652,"column":1}},"202":{"start":{"line":644,"column":4},"end":{"line":651,"column":5}},"203":{"start":{"line":645,"column":26},"end":{"line":647,"column":10}},"204":{"start":{"line":648,"column":8},"end":{"line":648,"column":67}},"205":{"start":{"line":650,"column":8},"end":{"line":650,"column":69}},"206":{"start":{"line":654,"column":31},"end":{"line":689,"column":1}},"207":{"start":{"line":655,"column":4},"end":{"line":688,"column":5}},"208":{"start":{"line":656,"column":26},"end":{"line":659,"column":10}},"209":{"start":{"line":661,"column":8},"end":{"line":666,"column":9}},"210":{"start":{"line":662,"column":12},"end":{"line":665,"column":14}},"211":{"start":{"line":668,"column":8},"end":{"line":668,"column":69}},"212":{"start":{"line":669,"column":8},"end":{"line":669,"column":72}},"213":{"start":{"line":670,"column":8},"end":{"line":670,"column":84}},"214":{"start":{"line":671,"column":8},"end":{"line":671,"column":108}},"215":{"start":{"line":672,"column":8},"end":{"line":672,"column":96}},"216":{"start":{"line":674,"column":8},"end":{"line":674,"column":33}},"217":{"start":{"line":676,"column":8},"end":{"line":680,"column":10}},"218":{"start":{"line":682,"column":8},"end":{"line":682,"column":42}},"219":{"start":{"line":683,"column":8},"end":{"line":687,"column":10}},"220":{"start":{"line":691,"column":31},"end":{"line":716,"column":1}},"221":{"start":{"line":692,"column":4},"end":{"line":715,"column":5}},"222":{"start":{"line":693,"column":26},"end":{"line":696,"column":10}},"223":{"start":{"line":698,"column":8},"end":{"line":700,"column":9}},"224":{"start":{"line":699,"column":12},"end":{"line":699,"column":83}},"225":{"start":{"line":702,"column":8},"end":{"line":702,"column":36}},"226":{"start":{"line":704,"column":8},"end":{"line":707,"column":10}},"227":{"start":{"line":709,"column":8},"end":{"line":709,"column":42}},"228":{"start":{"line":710,"column":8},"end":{"line":714,"column":10}},"229":{"start":{"line":719,"column":32},"end":{"line":763,"column":1}},"230":{"start":{"line":720,"column":4},"end":{"line":762,"column":5}},"231":{"start":{"line":721,"column":30},"end":{"line":723,"column":10}},"232":{"start":{"line":724,"column":8},"end":{"line":729,"column":9}},"233":{"start":{"line":725,"column":12},"end":{"line":728,"column":14}},"234":{"start":{"line":731,"column":23},"end":{"line":731,"column":25}},"235":{"start":{"line":732,"column":8},"end":{"line":740,"column":9}},"236":{"start":{"line":733,"column":23},"end":{"line":733,"column":34}},"237":{"start":{"line":734,"column":28},"end":{"line":738,"column":14}},"238":{"start":{"line":739,"column":12},"end":{"line":739,"column":37}},"239":{"start":{"line":742,"column":25},"end":{"line":748,"column":10}},"240":{"start":{"line":750,"column":8},"end":{"line":754,"column":10}},"241":{"start":{"line":756,"column":8},"end":{"line":756,"column":56}},"242":{"start":{"line":757,"column":8},"end":{"line":761,"column":10}},"243":{"start":{"line":765,"column":32},"end":{"line":772,"column":1}},"244":{"start":{"line":766,"column":4},"end":{"line":771,"column":5}},"245":{"start":{"line":767,"column":28},"end":{"line":767,"column":59}},"246":{"start":{"line":768,"column":8},"end":{"line":768,"column":69}},"247":{"start":{"line":770,"column":8},"end":{"line":770,"column":69}},"248":{"start":{"line":774,"column":33},"end":{"line":783,"column":1}},"249":{"start":{"line":775,"column":4},"end":{"line":782,"column":5}},"250":{"start":{"line":776,"column":27},"end":{"line":778,"column":10}},"251":{"start":{"line":779,"column":8},"end":{"line":779,"column":68}},"252":{"start":{"line":781,"column":8},"end":{"line":781,"column":69}},"253":{"start":{"line":785,"column":32},"end":{"line":829,"column":1}},"254":{"start":{"line":786,"column":4},"end":{"line":828,"column":5}},"255":{"start":{"line":787,"column":27},"end":{"line":790,"column":10}},"256":{"start":{"line":792,"column":8},"end":{"line":797,"column":9}},"257":{"start":{"line":793,"column":12},"end":{"line":796,"column":14}},"258":{"start":{"line":799,"column":8},"end":{"line":807,"column":9}},"259":{"start":{"line":800,"column":25},"end":{"line":800,"column":82}},"260":{"start":{"line":801,"column":28},"end":{"line":805,"column":14}},"261":{"start":{"line":806,"column":12},"end":{"line":806,"column":47}},"262":{"start":{"line":809,"column":8},"end":{"line":809,"column":65}},"263":{"start":{"line":810,"column":8},"end":{"line":810,"column":71}},"264":{"start":{"line":811,"column":8},"end":{"line":811,"column":110}},"265":{"start":{"line":812,"column":8},"end":{"line":812,"column":98}},"266":{"start":{"line":814,"column":8},"end":{"line":814,"column":34}},"267":{"start":{"line":816,"column":8},"end":{"line":820,"column":10}},"268":{"start":{"line":822,"column":8},"end":{"line":822,"column":42}},"269":{"start":{"line":823,"column":8},"end":{"line":827,"column":10}},"270":{"start":{"line":831,"column":32},"end":{"line":856,"column":1}},"271":{"start":{"line":832,"column":4},"end":{"line":855,"column":5}},"272":{"start":{"line":833,"column":27},"end":{"line":836,"column":10}},"273":{"start":{"line":838,"column":8},"end":{"line":840,"column":9}},"274":{"start":{"line":839,"column":12},"end":{"line":839,"column":82}},"275":{"start":{"line":842,"column":8},"end":{"line":842,"column":37}},"276":{"start":{"line":844,"column":8},"end":{"line":847,"column":10}},"277":{"start":{"line":849,"column":8},"end":{"line":849,"column":42}},"278":{"start":{"line":850,"column":8},"end":{"line":854,"column":10}},"279":{"start":{"line":858,"column":36},"end":{"line":901,"column":1}},"280":{"start":{"line":859,"column":4},"end":{"line":900,"column":5}},"281":{"start":{"line":860,"column":31},"end":{"line":869,"column":10}},"282":{"start":{"line":871,"column":33},"end":{"line":885,"column":9}},"283":{"start":{"line":873,"column":33},"end":{"line":877,"column":18}},"284":{"start":{"line":879,"column":16},"end":{"line":883,"column":18}},"285":{"start":{"line":887,"column":8},"end":{"line":891,"column":10}},"286":{"start":{"line":894,"column":8},"end":{"line":894,"column":66}},"287":{"start":{"line":895,"column":8},"end":{"line":899,"column":10}},"288":{"start":{"line":906,"column":37},"end":{"line":927,"column":1}},"289":{"start":{"line":907,"column":4},"end":{"line":926,"column":5}},"290":{"start":{"line":908,"column":24},"end":{"line":922,"column":10}},"291":{"start":{"line":923,"column":8},"end":{"line":923,"column":63}},"292":{"start":{"line":925,"column":8},"end":{"line":925,"column":69}},"293":{"start":{"line":929,"column":38},"end":{"line":950,"column":1}},"294":{"start":{"line":930,"column":4},"end":{"line":949,"column":5}},"295":{"start":{"line":931,"column":36},"end":{"line":931,"column":43}},"296":{"start":{"line":932,"column":8},"end":{"line":932,"column":71}},"297":{"start":{"line":932,"column":21},"end":{"line":932,"column":71}},"298":{"start":{"line":934,"column":23},"end":{"line":934,"column":67}},"299":{"start":{"line":935,"column":8},"end":{"line":935,"column":86}},"300":{"start":{"line":935,"column":21},"end":{"line":935,"column":86}},"301":{"start":{"line":937,"column":34},"end":{"line":940,"column":10}},"302":{"start":{"line":942,"column":8},"end":{"line":944,"column":9}},"303":{"start":{"line":943,"column":12},"end":{"line":943,"column":89}},"304":{"start":{"line":946,"column":8},"end":{"line":946,"column":62}},"305":{"start":{"line":948,"column":8},"end":{"line":948,"column":69}},"306":{"start":{"line":954,"column":25},"end":{"line":967,"column":1}},"307":{"start":{"line":955,"column":4},"end":{"line":966,"column":5}},"308":{"start":{"line":956,"column":22},"end":{"line":962,"column":10}},"309":{"start":{"line":963,"column":8},"end":{"line":963,"column":61}},"310":{"start":{"line":965,"column":8},"end":{"line":965,"column":69}},"311":{"start":{"line":969,"column":0},"end":{"line":998,"column":2}}},"fnMap":{"0":{"name":"(anonymous_0)","decl":{"start":{"line":7,"column":24},"end":{"line":7,"column":25}},"loc":{"start":{"line":7,"column":36},"end":{"line":14,"column":1}},"line":7},"1":{"name":"(anonymous_1)","decl":{"start":{"line":16,"column":24},"end":{"line":16,"column":25}},"loc":{"start":{"line":16,"column":44},"end":{"line":36,"column":1}},"line":16},"2":{"name":"(anonymous_2)","decl":{"start":{"line":38,"column":24},"end":{"line":38,"column":25}},"loc":{"start":{"line":38,"column":52},"end":{"line":65,"column":1}},"line":38},"3":{"name":"(anonymous_3)","decl":{"start":{"line":67,"column":24},"end":{"line":67,"column":25}},"loc":{"start":{"line":67,"column":42},"end":{"line":82,"column":1}},"line":67},"4":{"name":"(anonymous_4)","decl":{"start":{"line":84,"column":24},"end":{"line":84,"column":25}},"loc":{"start":{"line":84,"column":51},"end":{"line":144,"column":1}},"line":84},"5":{"name":"(anonymous_5)","decl":{"start":{"line":146,"column":24},"end":{"line":146,"column":25}},"loc":{"start":{"line":146,"column":36},"end":{"line":164,"column":1}},"line":146},"6":{"name":"(anonymous_6)","decl":{"start":{"line":166,"column":25},"end":{"line":166,"column":26}},"loc":{"start":{"line":166,"column":43},"end":{"line":181,"column":1}},"line":166},"7":{"name":"(anonymous_7)","decl":{"start":{"line":183,"column":24},"end":{"line":183,"column":25}},"loc":{"start":{"line":183,"column":61},"end":{"line":237,"column":1}},"line":183},"8":{"name":"(anonymous_8)","decl":{"start":{"line":239,"column":24},"end":{"line":239,"column":25}},"loc":{"start":{"line":239,"column":42},"end":{"line":278,"column":1}},"line":239},"9":{"name":"(anonymous_9)","decl":{"start":{"line":279,"column":31},"end":{"line":279,"column":32}},"loc":{"start":{"line":279,"column":58},"end":{"line":378,"column":1}},"line":279},"10":{"name":"(anonymous_10)","decl":{"start":{"line":379,"column":31},"end":{"line":379,"column":32}},"loc":{"start":{"line":379,"column":43},"end":{"line":405,"column":1}},"line":379},"11":{"name":"(anonymous_11)","decl":{"start":{"line":407,"column":32},"end":{"line":407,"column":33}},"loc":{"start":{"line":407,"column":50},"end":{"line":434,"column":1}},"line":407},"12":{"name":"(anonymous_12)","decl":{"start":{"line":436,"column":31},"end":{"line":436,"column":32}},"loc":{"start":{"line":436,"column":68},"end":{"line":550,"column":1}},"line":436},"13":{"name":"(anonymous_13)","decl":{"start":{"line":552,"column":31},"end":{"line":552,"column":32}},"loc":{"start":{"line":552,"column":49},"end":{"line":599,"column":1}},"line":552},"14":{"name":"(anonymous_14)","decl":{"start":{"line":601,"column":31},"end":{"line":601,"column":32}},"loc":{"start":{"line":601,"column":58},"end":{"line":632,"column":1}},"line":601},"15":{"name":"(anonymous_15)","decl":{"start":{"line":634,"column":31},"end":{"line":634,"column":32}},"loc":{"start":{"line":634,"column":43},"end":{"line":641,"column":1}},"line":634},"16":{"name":"(anonymous_16)","decl":{"start":{"line":643,"column":32},"end":{"line":643,"column":33}},"loc":{"start":{"line":643,"column":57},"end":{"line":652,"column":1}},"line":643},"17":{"name":"(anonymous_17)","decl":{"start":{"line":654,"column":31},"end":{"line":654,"column":32}},"loc":{"start":{"line":654,"column":68},"end":{"line":689,"column":1}},"line":654},"18":{"name":"(anonymous_18)","decl":{"start":{"line":691,"column":31},"end":{"line":691,"column":32}},"loc":{"start":{"line":691,"column":56},"end":{"line":716,"column":1}},"line":691},"19":{"name":"(anonymous_19)","decl":{"start":{"line":719,"column":32},"end":{"line":719,"column":33}},"loc":{"start":{"line":719,"column":62},"end":{"line":763,"column":1}},"line":719},"20":{"name":"(anonymous_20)","decl":{"start":{"line":765,"column":32},"end":{"line":765,"column":33}},"loc":{"start":{"line":765,"column":44},"end":{"line":772,"column":1}},"line":765},"21":{"name":"(anonymous_21)","decl":{"start":{"line":774,"column":33},"end":{"line":774,"column":34}},"loc":{"start":{"line":774,"column":54},"end":{"line":783,"column":1}},"line":774},"22":{"name":"(anonymous_22)","decl":{"start":{"line":785,"column":32},"end":{"line":785,"column":33}},"loc":{"start":{"line":785,"column":72},"end":{"line":829,"column":1}},"line":785},"23":{"name":"(anonymous_23)","decl":{"start":{"line":831,"column":32},"end":{"line":831,"column":33}},"loc":{"start":{"line":831,"column":53},"end":{"line":856,"column":1}},"line":831},"24":{"name":"(anonymous_24)","decl":{"start":{"line":858,"column":36},"end":{"line":858,"column":37}},"loc":{"start":{"line":858,"column":57},"end":{"line":901,"column":1}},"line":858},"25":{"name":"(anonymous_25)","decl":{"start":{"line":872,"column":31},"end":{"line":872,"column":32}},"loc":{"start":{"line":872,"column":53},"end":{"line":884,"column":13}},"line":872},"26":{"name":"(anonymous_26)","decl":{"start":{"line":906,"column":37},"end":{"line":906,"column":38}},"loc":{"start":{"line":906,"column":49},"end":{"line":927,"column":1}},"line":906},"27":{"name":"(anonymous_27)","decl":{"start":{"line":929,"column":38},"end":{"line":929,"column":39}},"loc":{"start":{"line":929,"column":76},"end":{"line":950,"column":1}},"line":929},"28":{"name":"(anonymous_28)","decl":{"start":{"line":954,"column":25},"end":{"line":954,"column":26}},"loc":{"start":{"line":954,"column":37},"end":{"line":967,"column":1}},"line":954}},"branchMap":{"0":{"loc":{"start":{"line":19,"column":8},"end":{"line":21,"column":9}},"type":"if","locations":[{"start":{"line":19,"column":8},"end":{"line":21,"column":9}},{"start":{},"end":{}}],"line":19},"1":{"loc":{"start":{"line":44,"column":8},"end":{"line":53,"column":9}},"type":"if","locations":[{"start":{"line":44,"column":8},"end":{"line":53,"column":9}},{"start":{"line":51,"column":15},"end":{"line":53,"column":9}}],"line":44},"2":{"loc":{"start":{"line":73,"column":8},"end":{"line":75,"column":9}},"type":"if","locations":[{"start":{"line":73,"column":8},"end":{"line":75,"column":9}},{"start":{},"end":{}}],"line":73},"3":{"loc":{"start":{"line":91,"column":4},"end":{"line":96,"column":5}},"type":"if","locations":[{"start":{"line":91,"column":4},"end":{"line":96,"column":5}},{"start":{},"end":{}}],"line":91},"4":{"loc":{"start":{"line":99,"column":4},"end":{"line":123,"column":5}},"type":"if","locations":[{"start":{"line":99,"column":4},"end":{"line":123,"column":5}},{"start":{},"end":{}}],"line":99},"5":{"loc":{"start":{"line":99,"column":8},"end":{"line":99,"column":28}},"type":"binary-expr","locations":[{"start":{"line":99,"column":8},"end":{"line":99,"column":13}},{"start":{"line":99,"column":17},"end":{"line":99,"column":28}}],"line":99},"6":{"loc":{"start":{"line":135,"column":4},"end":{"line":137,"column":5}},"type":"if","locations":[{"start":{"line":135,"column":4},"end":{"line":137,"column":5}},{"start":{},"end":{}}],"line":135},"7":{"loc":{"start":{"line":135,"column":8},"end":{"line":135,"column":102}},"type":"binary-expr","locations":[{"start":{"line":135,"column":8},"end":{"line":135,"column":28}},{"start":{"line":135,"column":32},"end":{"line":135,"column":67}},{"start":{"line":135,"column":71},"end":{"line":135,"column":102}}],"line":135},"8":{"loc":{"start":{"line":190,"column":8},"end":{"line":195,"column":9}},"type":"if","locations":[{"start":{"line":190,"column":8},"end":{"line":195,"column":9}},{"start":{},"end":{}}],"line":190},"9":{"loc":{"start":{"line":196,"column":20},"end":{"line":196,"column":48}},"type":"binary-expr","locations":[{"start":{"line":196,"column":20},"end":{"line":196,"column":35}},{"start":{"line":196,"column":39},"end":{"line":196,"column":48}}],"line":196},"10":{"loc":{"start":{"line":197,"column":27},"end":{"line":197,"column":69}},"type":"binary-expr","locations":[{"start":{"line":197,"column":27},"end":{"line":197,"column":49}},{"start":{"line":197,"column":53},"end":{"line":197,"column":69}}],"line":197},"11":{"loc":{"start":{"line":198,"column":35},"end":{"line":198,"column":93}},"type":"binary-expr","locations":[{"start":{"line":198,"column":35},"end":{"line":198,"column":65}},{"start":{"line":198,"column":69},"end":{"line":198,"column":93}}],"line":198},"12":{"loc":{"start":{"line":199,"column":31},"end":{"line":199,"column":81}},"type":"binary-expr","locations":[{"start":{"line":199,"column":31},"end":{"line":199,"column":57}},{"start":{"line":199,"column":61},"end":{"line":199,"column":81}}],"line":199},"13":{"loc":{"start":{"line":200,"column":8},"end":{"line":219,"column":9}},"type":"if","locations":[{"start":{"line":200,"column":8},"end":{"line":219,"column":9}},{"start":{},"end":{}}],"line":200},"14":{"loc":{"start":{"line":200,"column":12},"end":{"line":200,"column":32}},"type":"binary-expr","locations":[{"start":{"line":200,"column":12},"end":{"line":200,"column":17}},{"start":{"line":200,"column":21},"end":{"line":200,"column":32}}],"line":200},"15":{"loc":{"start":{"line":201,"column":25},"end":{"line":201,"column":82}},"type":"cond-expr","locations":[{"start":{"line":201,"column":54},"end":{"line":201,"column":68}},{"start":{"line":201,"column":71},"end":{"line":201,"column":82}}],"line":201},"16":{"loc":{"start":{"line":212,"column":12},"end":{"line":218,"column":13}},"type":"if","locations":[{"start":{"line":212,"column":12},"end":{"line":218,"column":13}},{"start":{},"end":{}}],"line":212},"17":{"loc":{"start":{"line":220,"column":8},"end":{"line":222,"column":9}},"type":"if","locations":[{"start":{"line":220,"column":8},"end":{"line":222,"column":9}},{"start":{},"end":{}}],"line":220},"18":{"loc":{"start":{"line":220,"column":12},"end":{"line":220,"column":71}},"type":"binary-expr","locations":[{"start":{"line":220,"column":12},"end":{"line":220,"column":32}},{"start":{"line":220,"column":36},"end":{"line":220,"column":71}}],"line":220},"19":{"loc":{"start":{"line":247,"column":8},"end":{"line":249,"column":9}},"type":"if","locations":[{"start":{"line":247,"column":8},"end":{"line":249,"column":9}},{"start":{},"end":{}}],"line":247},"20":{"loc":{"start":{"line":255,"column":8},"end":{"line":261,"column":9}},"type":"if","locations":[{"start":{"line":255,"column":8},"end":{"line":261,"column":9}},{"start":{},"end":{}}],"line":255},"21":{"loc":{"start":{"line":285,"column":8},"end":{"line":290,"column":9}},"type":"if","locations":[{"start":{"line":285,"column":8},"end":{"line":290,"column":9}},{"start":{},"end":{}}],"line":285},"22":{"loc":{"start":{"line":295,"column":8},"end":{"line":304,"column":9}},"type":"if","locations":[{"start":{"line":295,"column":8},"end":{"line":304,"column":9}},{"start":{},"end":{}}],"line":295},"23":{"loc":{"start":{"line":295,"column":12},"end":{"line":295,"column":32}},"type":"binary-expr","locations":[{"start":{"line":295,"column":12},"end":{"line":295,"column":17}},{"start":{"line":295,"column":21},"end":{"line":295,"column":32}}],"line":295},"24":{"loc":{"start":{"line":318,"column":8},"end":{"line":335,"column":9}},"type":"if","locations":[{"start":{"line":318,"column":8},"end":{"line":335,"column":9}},{"start":{},"end":{}}],"line":318},"25":{"loc":{"start":{"line":318,"column":12},"end":{"line":318,"column":41}},"type":"binary-expr","locations":[{"start":{"line":318,"column":12},"end":{"line":318,"column":17}},{"start":{"line":318,"column":21},"end":{"line":318,"column":41}}],"line":318},"26":{"loc":{"start":{"line":319,"column":32},"end":{"line":321,"column":40}},"type":"cond-expr","locations":[{"start":{"line":320,"column":18},"end":{"line":320,"column":38}},{"start":{"line":321,"column":18},"end":{"line":321,"column":40}}],"line":319},"27":{"loc":{"start":{"line":338,"column":8},"end":{"line":341,"column":9}},"type":"if","locations":[{"start":{"line":338,"column":8},"end":{"line":341,"column":9}},{"start":{},"end":{}}],"line":338},"28":{"loc":{"start":{"line":338,"column":12},"end":{"line":338,"column":115}},"type":"binary-expr","locations":[{"start":{"line":338,"column":12},"end":{"line":338,"column":35}},{"start":{"line":338,"column":39},"end":{"line":338,"column":77}},{"start":{"line":338,"column":81},"end":{"line":338,"column":115}}],"line":338},"29":{"loc":{"start":{"line":447,"column":8},"end":{"line":452,"column":9}},"type":"if","locations":[{"start":{"line":447,"column":8},"end":{"line":452,"column":9}},{"start":{},"end":{}}],"line":447},"30":{"loc":{"start":{"line":455,"column":20},"end":{"line":455,"column":48}},"type":"binary-expr","locations":[{"start":{"line":455,"column":20},"end":{"line":455,"column":35}},{"start":{"line":455,"column":39},"end":{"line":455,"column":48}}],"line":455},"31":{"loc":{"start":{"line":456,"column":31},"end":{"line":456,"column":81}},"type":"binary-expr","locations":[{"start":{"line":456,"column":31},"end":{"line":456,"column":57}},{"start":{"line":456,"column":61},"end":{"line":456,"column":81}}],"line":456},"32":{"loc":{"start":{"line":457,"column":27},"end":{"line":457,"column":69}},"type":"binary-expr","locations":[{"start":{"line":457,"column":27},"end":{"line":457,"column":49}},{"start":{"line":457,"column":53},"end":{"line":457,"column":69}}],"line":457},"33":{"loc":{"start":{"line":458,"column":35},"end":{"line":458,"column":93}},"type":"binary-expr","locations":[{"start":{"line":458,"column":35},"end":{"line":458,"column":65}},{"start":{"line":458,"column":69},"end":{"line":458,"column":93}}],"line":458},"34":{"loc":{"start":{"line":459,"column":31},"end":{"line":459,"column":81}},"type":"binary-expr","locations":[{"start":{"line":459,"column":31},"end":{"line":459,"column":57}},{"start":{"line":459,"column":61},"end":{"line":459,"column":81}}],"line":459},"35":{"loc":{"start":{"line":462,"column":8},"end":{"line":482,"column":9}},"type":"if","locations":[{"start":{"line":462,"column":8},"end":{"line":482,"column":9}},{"start":{},"end":{}}],"line":462},"36":{"loc":{"start":{"line":462,"column":12},"end":{"line":462,"column":32}},"type":"binary-expr","locations":[{"start":{"line":462,"column":12},"end":{"line":462,"column":17}},{"start":{"line":462,"column":21},"end":{"line":462,"column":32}}],"line":462},"37":{"loc":{"start":{"line":463,"column":25},"end":{"line":463,"column":82}},"type":"cond-expr","locations":[{"start":{"line":463,"column":54},"end":{"line":463,"column":68}},{"start":{"line":463,"column":71},"end":{"line":463,"column":82}}],"line":463},"38":{"loc":{"start":{"line":475,"column":12},"end":{"line":481,"column":13}},"type":"if","locations":[{"start":{"line":475,"column":12},"end":{"line":481,"column":13}},{"start":{},"end":{}}],"line":475},"39":{"loc":{"start":{"line":485,"column":8},"end":{"line":507,"column":9}},"type":"if","locations":[{"start":{"line":485,"column":8},"end":{"line":507,"column":9}},{"start":{},"end":{}}],"line":485},"40":{"loc":{"start":{"line":485,"column":12},"end":{"line":485,"column":41}},"type":"binary-expr","locations":[{"start":{"line":485,"column":12},"end":{"line":485,"column":17}},{"start":{"line":485,"column":21},"end":{"line":485,"column":41}}],"line":485},"41":{"loc":{"start":{"line":491,"column":32},"end":{"line":493,"column":40}},"type":"cond-expr","locations":[{"start":{"line":492,"column":18},"end":{"line":492,"column":38}},{"start":{"line":493,"column":18},"end":{"line":493,"column":40}}],"line":491},"42":{"loc":{"start":{"line":510,"column":8},"end":{"line":512,"column":9}},"type":"if","locations":[{"start":{"line":510,"column":8},"end":{"line":512,"column":9}},{"start":{},"end":{}}],"line":510},"43":{"loc":{"start":{"line":510,"column":12},"end":{"line":510,"column":81}},"type":"binary-expr","locations":[{"start":{"line":510,"column":12},"end":{"line":510,"column":37}},{"start":{"line":510,"column":41},"end":{"line":510,"column":81}}],"line":510},"44":{"loc":{"start":{"line":563,"column":8},"end":{"line":565,"column":9}},"type":"if","locations":[{"start":{"line":563,"column":8},"end":{"line":565,"column":9}},{"start":{},"end":{}}],"line":563},"45":{"loc":{"start":{"line":571,"column":8},"end":{"line":577,"column":9}},"type":"if","locations":[{"start":{"line":571,"column":8},"end":{"line":577,"column":9}},{"start":{},"end":{}}],"line":571},"46":{"loc":{"start":{"line":606,"column":8},"end":{"line":611,"column":9}},"type":"if","locations":[{"start":{"line":606,"column":8},"end":{"line":611,"column":9}},{"start":{},"end":{}}],"line":606},"47":{"loc":{"start":{"line":661,"column":8},"end":{"line":666,"column":9}},"type":"if","locations":[{"start":{"line":661,"column":8},"end":{"line":666,"column":9}},{"start":{},"end":{}}],"line":661},"48":{"loc":{"start":{"line":668,"column":29},"end":{"line":668,"column":68}},"type":"binary-expr","locations":[{"start":{"line":668,"column":29},"end":{"line":668,"column":46}},{"start":{"line":668,"column":50},"end":{"line":668,"column":68}}],"line":668},"49":{"loc":{"start":{"line":669,"column":30},"end":{"line":669,"column":71}},"type":"binary-expr","locations":[{"start":{"line":669,"column":30},"end":{"line":669,"column":48}},{"start":{"line":669,"column":52},"end":{"line":669,"column":71}}],"line":669},"50":{"loc":{"start":{"line":670,"column":34},"end":{"line":670,"column":83}},"type":"binary-expr","locations":[{"start":{"line":670,"column":34},"end":{"line":670,"column":56}},{"start":{"line":670,"column":60},"end":{"line":670,"column":83}}],"line":670},"51":{"loc":{"start":{"line":671,"column":42},"end":{"line":671,"column":107}},"type":"binary-expr","locations":[{"start":{"line":671,"column":42},"end":{"line":671,"column":72}},{"start":{"line":671,"column":76},"end":{"line":671,"column":107}}],"line":671},"52":{"loc":{"start":{"line":672,"column":38},"end":{"line":672,"column":95}},"type":"binary-expr","locations":[{"start":{"line":672,"column":38},"end":{"line":672,"column":64}},{"start":{"line":672,"column":68},"end":{"line":672,"column":95}}],"line":672},"53":{"loc":{"start":{"line":698,"column":8},"end":{"line":700,"column":9}},"type":"if","locations":[{"start":{"line":698,"column":8},"end":{"line":700,"column":9}},{"start":{},"end":{}}],"line":698},"54":{"loc":{"start":{"line":724,"column":8},"end":{"line":729,"column":9}},"type":"if","locations":[{"start":{"line":724,"column":8},"end":{"line":729,"column":9}},{"start":{},"end":{}}],"line":724},"55":{"loc":{"start":{"line":732,"column":8},"end":{"line":740,"column":9}},"type":"if","locations":[{"start":{"line":732,"column":8},"end":{"line":740,"column":9}},{"start":{},"end":{}}],"line":732},"56":{"loc":{"start":{"line":732,"column":12},"end":{"line":732,"column":32}},"type":"binary-expr","locations":[{"start":{"line":732,"column":12},"end":{"line":732,"column":17}},{"start":{"line":732,"column":21},"end":{"line":732,"column":32}}],"line":732},"57":{"loc":{"start":{"line":792,"column":8},"end":{"line":797,"column":9}},"type":"if","locations":[{"start":{"line":792,"column":8},"end":{"line":797,"column":9}},{"start":{},"end":{}}],"line":792},"58":{"loc":{"start":{"line":799,"column":8},"end":{"line":807,"column":9}},"type":"if","locations":[{"start":{"line":799,"column":8},"end":{"line":807,"column":9}},{"start":{},"end":{}}],"line":799},"59":{"loc":{"start":{"line":799,"column":12},"end":{"line":799,"column":32}},"type":"binary-expr","locations":[{"start":{"line":799,"column":12},"end":{"line":799,"column":17}},{"start":{"line":799,"column":21},"end":{"line":799,"column":32}}],"line":799},"60":{"loc":{"start":{"line":800,"column":25},"end":{"line":800,"column":82}},"type":"cond-expr","locations":[{"start":{"line":800,"column":54},"end":{"line":800,"column":68}},{"start":{"line":800,"column":71},"end":{"line":800,"column":82}}],"line":800},"61":{"loc":{"start":{"line":809,"column":28},"end":{"line":809,"column":64}},"type":"binary-expr","locations":[{"start":{"line":809,"column":28},"end":{"line":809,"column":43}},{"start":{"line":809,"column":47},"end":{"line":809,"column":64}}],"line":809},"62":{"loc":{"start":{"line":810,"column":30},"end":{"line":810,"column":70}},"type":"binary-expr","locations":[{"start":{"line":810,"column":30},"end":{"line":810,"column":47}},{"start":{"line":810,"column":51},"end":{"line":810,"column":70}}],"line":810},"63":{"loc":{"start":{"line":811,"column":43},"end":{"line":811,"column":109}},"type":"binary-expr","locations":[{"start":{"line":811,"column":43},"end":{"line":811,"column":73}},{"start":{"line":811,"column":77},"end":{"line":811,"column":109}}],"line":811},"64":{"loc":{"start":{"line":812,"column":39},"end":{"line":812,"column":97}},"type":"binary-expr","locations":[{"start":{"line":812,"column":39},"end":{"line":812,"column":65}},{"start":{"line":812,"column":69},"end":{"line":812,"column":97}}],"line":812},"65":{"loc":{"start":{"line":838,"column":8},"end":{"line":840,"column":9}},"type":"if","locations":[{"start":{"line":838,"column":8},"end":{"line":840,"column":9}},{"start":{},"end":{}}],"line":838},"66":{"loc":{"start":{"line":858,"column":43},"end":{"line":858,"column":52}},"type":"default-arg","locations":[{"start":{"line":858,"column":51},"end":{"line":858,"column":52}}],"line":858},"67":{"loc":{"start":{"line":880,"column":26},"end":{"line":880,"column":80}},"type":"cond-expr","locations":[{"start":{"line":880,"column":37},"end":{"line":880,"column":50}},{"start":{"line":880,"column":53},"end":{"line":880,"column":80}}],"line":880},"68":{"loc":{"start":{"line":932,"column":8},"end":{"line":932,"column":71}},"type":"if","locations":[{"start":{"line":932,"column":8},"end":{"line":932,"column":71}},{"start":{},"end":{}}],"line":932},"69":{"loc":{"start":{"line":935,"column":8},"end":{"line":935,"column":86}},"type":"if","locations":[{"start":{"line":935,"column":8},"end":{"line":935,"column":86}},{"start":{},"end":{}}],"line":935},"70":{"loc":{"start":{"line":939,"column":60},"end":{"line":939,"column":75}},"type":"binary-expr","locations":[{"start":{"line":939,"column":60},"end":{"line":939,"column":67}},{"start":{"line":939,"column":71},"end":{"line":939,"column":75}}],"line":939},"71":{"loc":{"start":{"line":942,"column":8},"end":{"line":944,"column":9}},"type":"if","locations":[{"start":{"line":942,"column":8},"end":{"line":944,"column":9}},{"start":{},"end":{}}],"line":942},"72":{"loc":{"start":{"line":943,"column":60},"end":{"line":943,"column":85}},"type":"binary-expr","locations":[{"start":{"line":943,"column":60},"end":{"line":943,"column":67}},{"start":{"line":943,"column":71},"end":{"line":943,"column":85}}],"line":943}},"s":{"0":1,"1":1,"2":1,"3":1,"4":1,"5":1,"6":1,"7":0,"8":0,"9":0,"10":0,"11":1,"12":2,"13":2,"14":2,"15":1,"16":1,"17":1,"18":1,"19":0,"20":1,"21":2,"22":2,"23":2,"24":1,"25":1,"26":1,"27":1,"28":0,"29":0,"30":1,"31":0,"32":0,"33":0,"34":0,"35":0,"36":0,"37":0,"38":1,"39":0,"40":0,"41":0,"42":0,"43":0,"44":0,"45":0,"46":0,"47":0,"48":0,"49":0,"50":0,"51":0,"52":0,"53":0,"54":0,"55":0,"56":0,"57":0,"58":1,"59":0,"60":0,"61":0,"62":0,"63":1,"64":0,"65":0,"66":1,"67":0,"68":0,"69":0,"70":0,"71":0,"72":0,"73":0,"74":0,"75":0,"76":0,"77":0,"78":0,"79":0,"80":0,"81":0,"82":0,"83":0,"84":0,"85":0,"86":0,"87":0,"88":0,"89":0,"90":0,"91":1,"92":0,"93":0,"94":0,"95":0,"96":0,"97":0,"98":0,"99":0,"100":0,"101":0,"102":0,"103":0,"104":0,"105":1,"106":0,"107":0,"108":0,"109":0,"110":0,"111":0,"112":0,"113":0,"114":0,"115":0,"116":0,"117":0,"118":0,"119":0,"120":0,"121":0,"122":0,"123":0,"124":0,"125":0,"126":0,"127":0,"128":0,"129":1,"130":0,"131":0,"132":0,"133":0,"134":1,"135":0,"136":0,"137":0,"138":0,"139":1,"140":0,"141":0,"142":0,"143":0,"144":0,"145":0,"146":0,"147":0,"148":0,"149":0,"150":0,"151":0,"152":0,"153":0,"154":0,"155":0,"156":0,"157":0,"158":0,"159":0,"160":0,"161":0,"162":0,"163":0,"164":0,"165":0,"166":0,"167":0,"168":0,"169":0,"170":0,"171":0,"172":1,"173":0,"174":0,"175":0,"176":0,"177":0,"178":0,"179":0,"180":0,"181":0,"182":0,"183":0,"184":0,"185":0,"186":0,"187":1,"188":0,"189":0,"190":0,"191":0,"192":0,"193":0,"194":0,"195":0,"196":1,"197":0,"198":0,"199":0,"200":0,"201":1,"202":0,"203":0,"204":0,"205":0,"206":1,"207":0,"208":0,"209":0,"210":0,"211":0,"212":0,"213":0,"214":0,"215":0,"216":0,"217":0,"218":0,"219":0,"220":1,"221":0,"222":0,"223":0,"224":0,"225":0,"226":0,"227":0,"228":0,"229":1,"230":0,"231":0,"232":0,"233":0,"234":0,"235":0,"236":0,"237":0,"238":0,"239":0,"240":0,"241":0,"242":0,"243":1,"244":0,"245":0,"246":0,"247":0,"248":1,"249":0,"250":0,"251":0,"252":0,"253":1,"254":0,"255":0,"256":0,"257":0,"258":0,"259":0,"260":0,"261":0,"262":0,"263":0,"264":0,"265":0,"266":0,"267":0,"268":0,"269":0,"270":1,"271":0,"272":0,"273":0,"274":0,"275":0,"276":0,"277":0,"278":0,"279":1,"280":0,"281":0,"282":0,"283":0,"284":0,"285":0,"286":0,"287":0,"288":1,"289":0,"290":0,"291":0,"292":0,"293":1,"294":0,"295":0,"296":0,"297":0,"298":0,"299":0,"300":0,"301":0,"302":0,"303":0,"304":0,"305":0,"306":1,"307":0,"308":0,"309":0,"310":0,"311":1},"f":{"0":0,"1":2,"2":2,"3":0,"4":0,"5":0,"6":0,"7":0,"8":0,"9":0,"10":0,"11":0,"12":0,"13":0,"14":0,"15":0,"16":0,"17":0,"18":0,"19":0,"20":0,"21":0,"22":0,"23":0,"24":0,"25":0,"26":0,"27":0,"28":0},"b":{"0":[1,1],"1":[1,1],"2":[0,0],"3":[0,0],"4":[0,0],"5":[0,0],"6":[0,0],"7":[0,0,0],"8":[0,0],"9":[0,0],"10":[0,0],"11":[0,0],"12":[0,0],"13":[0,0],"14":[0,0],"15":[0,0],"16":[0,0],"17":[0,0],"18":[0,0],"19":[0,0],"20":[0,0],"21":[0,0],"22":[0,0],"23":[0,0],"24":[0,0],"25":[0,0],"26":[0,0],"27":[0,0],"28":[0,0,0],"29":[0,0],"30":[0,0],"31":[0,0],"32":[0,0],"33":[0,0],"34":[0,0],"35":[0,0],"36":[0,0],"37":[0,0],"38":[0,0],"39":[0,0],"40":[0,0],"41":[0,0],"42":[0,0],"43":[0,0],"44":[0,0],"45":[0,0],"46":[0,0],"47":[0,0],"48":[0,0],"49":[0,0],"50":[0,0],"51":[0,0],"52":[0,0],"53":[0,0],"54":[0,0],"55":[0,0],"56":[0,0],"57":[0,0],"58":[0,0],"59":[0,0],"60":[0,0],"61":[0,0],"62":[0,0],"63":[0,0],"64":[0,0],"65":[0,0],"66":[0],"67":[0,0],"68":[0,0],"69":[0,0],"70":[0,0],"71":[0,0],"72":[0,0]},"_coverageSchema":"1a1c01bbd47fc00a2c39e90264f33305004495a9","hash":"c7f6aa29156c79e6fe7f4be554c1fb4cb118e69d"}
,"C:\\Users\\Admin\\Downloads\\graduation-thesis-main\\backend\\src\\services\\userService.js": {"path":"C:\\Users\\Admin\\Downloads\\graduation-thesis-main\\backend\\src\\services\\userService.js","statementMap":{"0":{"start":{"line":1,"column":11},"end":{"line":1,"column":40}},"1":{"start":{"line":2,"column":15},"end":{"line":2,"column":34}},"2":{"start":{"line":3,"column":12},"end":{"line":3,"column":35}},"3":{"start":{"line":4,"column":17},"end":{"line":4,"column":49}},"4":{"start":{"line":5,"column":13},"end":{"line":5,"column":35}},"5":{"start":{"line":7,"column":19},"end":{"line":18,"column":1}},"6":{"start":{"line":8,"column":2},"end":{"line":17,"column":3}},"7":{"start":{"line":9,"column":17},"end":{"line":9,"column":67}},"8":{"start":{"line":10,"column":4},"end":{"line":14,"column":5}},"9":{"start":{"line":11,"column":6},"end":{"line":11,"column":18}},"10":{"start":{"line":13,"column":6},"end":{"line":13,"column":19}},"11":{"start":{"line":16,"column":4},"end":{"line":16,"column":12}},"12":{"start":{"line":20,"column":19},"end":{"line":27,"column":1}},"13":{"start":{"line":21,"column":2},"end":{"line":26,"column":3}},"14":{"start":{"line":22,"column":19},"end":{"line":22,"column":50}},"15":{"start":{"line":23,"column":4},"end":{"line":23,"column":20}},"16":{"start":{"line":25,"column":4},"end":{"line":25,"column":12}},"17":{"start":{"line":30,"column":22},"end":{"line":59,"column":1}},"18":{"start":{"line":31,"column":2},"end":{"line":58,"column":3}},"19":{"start":{"line":32,"column":18},"end":{"line":32,"column":46}},"20":{"start":{"line":33,"column":4},"end":{"line":38,"column":5}},"21":{"start":{"line":34,"column":6},"end":{"line":37,"column":8}},"22":{"start":{"line":39,"column":19},"end":{"line":39,"column":52}},"23":{"start":{"line":40,"column":4},"end":{"line":45,"column":7}},"24":{"start":{"line":46,"column":4},"end":{"line":46,"column":23}},"25":{"start":{"line":48,"column":4},"end":{"line":51,"column":6}},"26":{"start":{"line":53,"column":4},"end":{"line":53,"column":40}},"27":{"start":{"line":54,"column":4},"end":{"line":57,"column":6}},"28":{"start":{"line":62,"column":19},"end":{"line":117,"column":1}},"29":{"start":{"line":63,"column":2},"end":{"line":116,"column":3}},"30":{"start":{"line":64,"column":16},"end":{"line":64,"column":26}},"31":{"start":{"line":65,"column":19},"end":{"line":65,"column":32}},"32":{"start":{"line":66,"column":4},"end":{"line":70,"column":5}},"33":{"start":{"line":67,"column":6},"end":{"line":69,"column":8}},"34":{"start":{"line":71,"column":18},"end":{"line":71,"column":41}},"35":{"start":{"line":72,"column":4},"end":{"line":77,"column":5}},"36":{"start":{"line":73,"column":6},"end":{"line":76,"column":8}},"37":{"start":{"line":78,"column":15},"end":{"line":82,"column":6}},"38":{"start":{"line":83,"column":4},"end":{"line":88,"column":5}},"39":{"start":{"line":84,"column":6},"end":{"line":87,"column":8}},"40":{"start":{"line":89,"column":16},"end":{"line":89,"column":61}},"41":{"start":{"line":90,"column":4},"end":{"line":113,"column":5}},"42":{"start":{"line":91,"column":20},"end":{"line":95,"column":7}},"43":{"start":{"line":96,"column":6},"end":{"line":107,"column":8}},"44":{"start":{"line":109,"column":6},"end":{"line":112,"column":8}},"45":{"start":{"line":115,"column":4},"end":{"line":115,"column":12}},"46":{"start":{"line":118,"column":25},"end":{"line":133,"column":1}},"47":{"start":{"line":119,"column":2},"end":{"line":132,"column":3}},"48":{"start":{"line":120,"column":20},"end":{"line":120,"column":47}},"49":{"start":{"line":121,"column":4},"end":{"line":125,"column":7}},"50":{"start":{"line":127,"column":4},"end":{"line":131,"column":7}},"51":{"start":{"line":135,"column":37},"end":{"line":150,"column":1}},"52":{"start":{"line":136,"column":2},"end":{"line":149,"column":3}},"53":{"start":{"line":137,"column":31},"end":{"line":137,"column":62}},"54":{"start":{"line":138,"column":4},"end":{"line":142,"column":7}},"55":{"start":{"line":144,"column":4},"end":{"line":148,"column":7}},"56":{"start":{"line":152,"column":35},"end":{"line":167,"column":1}},"57":{"start":{"line":153,"column":2},"end":{"line":166,"column":3}},"58":{"start":{"line":154,"column":29},"end":{"line":154,"column":59}},"59":{"start":{"line":155,"column":4},"end":{"line":159,"column":7}},"60":{"start":{"line":161,"column":4},"end":{"line":165,"column":7}},"61":{"start":{"line":168,"column":28},"end":{"line":223,"column":1}},"62":{"start":{"line":169,"column":2},"end":{"line":174,"column":3}},"63":{"start":{"line":170,"column":4},"end":{"line":173,"column":6}},"64":{"start":{"line":176,"column":2},"end":{"line":181,"column":3}},"65":{"start":{"line":177,"column":4},"end":{"line":180,"column":6}},"66":{"start":{"line":183,"column":17},"end":{"line":183,"column":19}},"67":{"start":{"line":184,"column":20},"end":{"line":184,"column":22}},"68":{"start":{"line":186,"column":2},"end":{"line":200,"column":3}},"69":{"start":{"line":187,"column":22},"end":{"line":191,"column":6}},"70":{"start":{"line":192,"column":4},"end":{"line":192,"column":29}},"71":{"start":{"line":193,"column":4},"end":{"line":193,"column":35}},"72":{"start":{"line":195,"column":4},"end":{"line":199,"column":6}},"73":{"start":{"line":202,"column":27},"end":{"line":207,"column":4}},"74":{"start":{"line":209,"column":19},"end":{"line":213,"column":4}},"75":{"start":{"line":215,"column":2},"end":{"line":222,"column":4}},"76":{"start":{"line":229,"column":28},"end":{"line":254,"column":1}},"77":{"start":{"line":230,"column":2},"end":{"line":253,"column":3}},"78":{"start":{"line":231,"column":75},"end":{"line":231,"column":82}},"79":{"start":{"line":233,"column":4},"end":{"line":235,"column":5}},"80":{"start":{"line":234,"column":6},"end":{"line":234,"column":77}},"81":{"start":{"line":237,"column":20},"end":{"line":237,"column":64}},"82":{"start":{"line":238,"column":4},"end":{"line":238,"column":83}},"83":{"start":{"line":238,"column":18},"end":{"line":238,"column":83}},"84":{"start":{"line":240,"column":17},"end":{"line":248,"column":6}},"85":{"start":{"line":250,"column":4},"end":{"line":250,"column":56}},"86":{"start":{"line":252,"column":4},"end":{"line":252,"column":65}},"87":{"start":{"line":256,"column":26},"end":{"line":269,"column":1}},"88":{"start":{"line":257,"column":2},"end":{"line":268,"column":3}},"89":{"start":{"line":258,"column":18},"end":{"line":264,"column":6}},"90":{"start":{"line":265,"column":4},"end":{"line":265,"column":57}},"91":{"start":{"line":267,"column":4},"end":{"line":267,"column":65}},"92":{"start":{"line":271,"column":30},"end":{"line":289,"column":1}},"93":{"start":{"line":272,"column":2},"end":{"line":288,"column":3}},"94":{"start":{"line":273,"column":17},"end":{"line":273,"column":77}},"95":{"start":{"line":274,"column":4},"end":{"line":274,"column":77}},"96":{"start":{"line":274,"column":15},"end":{"line":274,"column":77}},"97":{"start":{"line":276,"column":20},"end":{"line":283,"column":6}},"98":{"start":{"line":285,"column":4},"end":{"line":285,"column":59}},"99":{"start":{"line":287,"column":4},"end":{"line":287,"column":65}},"100":{"start":{"line":292,"column":29},"end":{"line":300,"column":1}},"101":{"start":{"line":293,"column":12},"end":{"line":293,"column":29}},"102":{"start":{"line":294,"column":2},"end":{"line":294,"column":45}},"103":{"start":{"line":294,"column":33},"end":{"line":294,"column":45}},"104":{"start":{"line":296,"column":14},"end":{"line":296,"column":27}},"105":{"start":{"line":297,"column":16},"end":{"line":297,"column":40}},"106":{"start":{"line":298,"column":2},"end":{"line":298,"column":38}},"107":{"start":{"line":299,"column":2},"end":{"line":299,"column":38}},"108":{"start":{"line":302,"column":34},"end":{"line":346,"column":1}},"109":{"start":{"line":303,"column":2},"end":{"line":345,"column":3}},"110":{"start":{"line":304,"column":85},"end":{"line":304,"column":92}},"111":{"start":{"line":306,"column":17},"end":{"line":306,"column":77}},"112":{"start":{"line":307,"column":4},"end":{"line":307,"column":77}},"113":{"start":{"line":307,"column":15},"end":{"line":307,"column":77}},"114":{"start":{"line":309,"column":15},"end":{"line":309,"column":46}},"115":{"start":{"line":310,"column":4},"end":{"line":310,"column":73}},"116":{"start":{"line":310,"column":13},"end":{"line":310,"column":73}},"117":{"start":{"line":312,"column":20},"end":{"line":312,"column":91}},"118":{"start":{"line":313,"column":4},"end":{"line":313,"column":79}},"119":{"start":{"line":313,"column":17},"end":{"line":313,"column":79}},"120":{"start":{"line":315,"column":20},"end":{"line":315,"column":24}},"121":{"start":{"line":316,"column":24},"end":{"line":316,"column":28}},"122":{"start":{"line":319,"column":4},"end":{"line":328,"column":5}},"123":{"start":{"line":320,"column":24},"end":{"line":324,"column":8}},"124":{"start":{"line":326,"column":6},"end":{"line":326,"column":32}},"125":{"start":{"line":327,"column":6},"end":{"line":327,"column":39}},"126":{"start":{"line":330,"column":19},"end":{"line":339,"column":6}},"127":{"start":{"line":341,"column":4},"end":{"line":341,"column":58}},"128":{"start":{"line":343,"column":4},"end":{"line":343,"column":21}},"129":{"start":{"line":344,"column":4},"end":{"line":344,"column":55}},"130":{"start":{"line":349,"column":0},"end":{"line":359,"column":2}}},"fnMap":{"0":{"name":"(anonymous_0)","decl":{"start":{"line":7,"column":19},"end":{"line":7,"column":20}},"loc":{"start":{"line":7,"column":36},"end":{"line":18,"column":1}},"line":7},"1":{"name":"(anonymous_1)","decl":{"start":{"line":20,"column":19},"end":{"line":20,"column":20}},"loc":{"start":{"line":20,"column":39},"end":{"line":27,"column":1}},"line":20},"2":{"name":"(anonymous_2)","decl":{"start":{"line":30,"column":22},"end":{"line":30,"column":23}},"loc":{"start":{"line":30,"column":38},"end":{"line":59,"column":1}},"line":30},"3":{"name":"(anonymous_3)","decl":{"start":{"line":62,"column":19},"end":{"line":62,"column":20}},"loc":{"start":{"line":62,"column":35},"end":{"line":117,"column":1}},"line":62},"4":{"name":"(anonymous_4)","decl":{"start":{"line":118,"column":25},"end":{"line":118,"column":26}},"loc":{"start":{"line":118,"column":37},"end":{"line":133,"column":1}},"line":118},"5":{"name":"(anonymous_5)","decl":{"start":{"line":135,"column":37},"end":{"line":135,"column":38}},"loc":{"start":{"line":135,"column":49},"end":{"line":150,"column":1}},"line":135},"6":{"name":"(anonymous_6)","decl":{"start":{"line":152,"column":35},"end":{"line":152,"column":36}},"loc":{"start":{"line":152,"column":47},"end":{"line":167,"column":1}},"line":152},"7":{"name":"(anonymous_7)","decl":{"start":{"line":168,"column":28},"end":{"line":168,"column":29}},"loc":{"start":{"line":168,"column":51},"end":{"line":223,"column":1}},"line":168},"8":{"name":"(anonymous_8)","decl":{"start":{"line":229,"column":28},"end":{"line":229,"column":29}},"loc":{"start":{"line":229,"column":55},"end":{"line":254,"column":1}},"line":229},"9":{"name":"(anonymous_9)","decl":{"start":{"line":256,"column":26},"end":{"line":256,"column":27}},"loc":{"start":{"line":256,"column":44},"end":{"line":269,"column":1}},"line":256},"10":{"name":"(anonymous_10)","decl":{"start":{"line":271,"column":30},"end":{"line":271,"column":31}},"loc":{"start":{"line":271,"column":56},"end":{"line":289,"column":1}},"line":271},"11":{"name":"(anonymous_11)","decl":{"start":{"line":292,"column":29},"end":{"line":292,"column":30}},"loc":{"start":{"line":292,"column":42},"end":{"line":300,"column":1}},"line":292},"12":{"name":"(anonymous_12)","decl":{"start":{"line":302,"column":34},"end":{"line":302,"column":35}},"loc":{"start":{"line":302,"column":69},"end":{"line":346,"column":1}},"line":302}},"branchMap":{"0":{"loc":{"start":{"line":10,"column":4},"end":{"line":14,"column":5}},"type":"if","locations":[{"start":{"line":10,"column":4},"end":{"line":14,"column":5}},{"start":{"line":12,"column":11},"end":{"line":14,"column":5}}],"line":10},"1":{"loc":{"start":{"line":33,"column":4},"end":{"line":38,"column":5}},"type":"if","locations":[{"start":{"line":33,"column":4},"end":{"line":38,"column":5}},{"start":{},"end":{}}],"line":33},"2":{"loc":{"start":{"line":66,"column":4},"end":{"line":70,"column":5}},"type":"if","locations":[{"start":{"line":66,"column":4},"end":{"line":70,"column":5}},{"start":{},"end":{}}],"line":66},"3":{"loc":{"start":{"line":66,"column":8},"end":{"line":66,"column":27}},"type":"binary-expr","locations":[{"start":{"line":66,"column":8},"end":{"line":66,"column":14}},{"start":{"line":66,"column":18},"end":{"line":66,"column":27}}],"line":66},"4":{"loc":{"start":{"line":72,"column":4},"end":{"line":77,"column":5}},"type":"if","locations":[{"start":{"line":72,"column":4},"end":{"line":77,"column":5}},{"start":{},"end":{}}],"line":72},"5":{"loc":{"start":{"line":83,"column":4},"end":{"line":88,"column":5}},"type":"if","locations":[{"start":{"line":83,"column":4},"end":{"line":88,"column":5}},{"start":{},"end":{}}],"line":83},"6":{"loc":{"start":{"line":90,"column":4},"end":{"line":113,"column":5}},"type":"if","locations":[{"start":{"line":90,"column":4},"end":{"line":113,"column":5}},{"start":{"line":108,"column":11},"end":{"line":113,"column":5}}],"line":90},"7":{"loc":{"start":{"line":169,"column":2},"end":{"line":174,"column":3}},"type":"if","locations":[{"start":{"line":169,"column":2},"end":{"line":174,"column":3}},{"start":{},"end":{}}],"line":169},"8":{"loc":{"start":{"line":169,"column":6},"end":{"line":169,"column":49}},"type":"binary-expr","locations":[{"start":{"line":169,"column":6},"end":{"line":169,"column":12}},{"start":{"line":169,"column":16},"end":{"line":169,"column":28}},{"start":{"line":169,"column":32},"end":{"line":169,"column":49}}],"line":169},"9":{"loc":{"start":{"line":176,"column":2},"end":{"line":181,"column":3}},"type":"if","locations":[{"start":{"line":176,"column":2},"end":{"line":181,"column":3}},{"start":{},"end":{}}],"line":176},"10":{"loc":{"start":{"line":176,"column":6},"end":{"line":176,"column":68}},"type":"binary-expr","locations":[{"start":{"line":176,"column":6},"end":{"line":176,"column":18}},{"start":{"line":176,"column":22},"end":{"line":176,"column":43}},{"start":{"line":176,"column":47},"end":{"line":176,"column":68}}],"line":176},"11":{"loc":{"start":{"line":220,"column":17},"end":{"line":220,"column":33}},"type":"binary-expr","locations":[{"start":{"line":220,"column":17},"end":{"line":220,"column":25}},{"start":{"line":220,"column":29},"end":{"line":220,"column":33}}],"line":220},"12":{"loc":{"start":{"line":233,"column":4},"end":{"line":235,"column":5}},"type":"if","locations":[{"start":{"line":233,"column":4},"end":{"line":235,"column":5}},{"start":{},"end":{}}],"line":233},"13":{"loc":{"start":{"line":233,"column":8},"end":{"line":233,"column":35}},"type":"binary-expr","locations":[{"start":{"line":233,"column":8},"end":{"line":233,"column":22}},{"start":{"line":233,"column":26},"end":{"line":233,"column":35}}],"line":233},"14":{"loc":{"start":{"line":238,"column":4},"end":{"line":238,"column":83}},"type":"if","locations":[{"start":{"line":238,"column":4},"end":{"line":238,"column":83}},{"start":{},"end":{}}],"line":238},"15":{"loc":{"start":{"line":244,"column":16},"end":{"line":244,"column":32}},"type":"binary-expr","locations":[{"start":{"line":244,"column":16},"end":{"line":244,"column":24}},{"start":{"line":244,"column":28},"end":{"line":244,"column":32}}],"line":244},"16":{"loc":{"start":{"line":245,"column":14},"end":{"line":245,"column":28}},"type":"binary-expr","locations":[{"start":{"line":245,"column":14},"end":{"line":245,"column":20}},{"start":{"line":245,"column":24},"end":{"line":245,"column":28}}],"line":245},"17":{"loc":{"start":{"line":246,"column":17},"end":{"line":246,"column":34}},"type":"binary-expr","locations":[{"start":{"line":246,"column":17},"end":{"line":246,"column":26}},{"start":{"line":246,"column":30},"end":{"line":246,"column":34}}],"line":246},"18":{"loc":{"start":{"line":247,"column":12},"end":{"line":247,"column":24}},"type":"binary-expr","locations":[{"start":{"line":247,"column":12},"end":{"line":247,"column":16}},{"start":{"line":247,"column":20},"end":{"line":247,"column":24}}],"line":247},"19":{"loc":{"start":{"line":274,"column":4},"end":{"line":274,"column":77}},"type":"if","locations":[{"start":{"line":274,"column":4},"end":{"line":274,"column":77}},{"start":{},"end":{}}],"line":274},"20":{"loc":{"start":{"line":294,"column":2},"end":{"line":294,"column":45}},"type":"if","locations":[{"start":{"line":294,"column":2},"end":{"line":294,"column":45}},{"start":{},"end":{}}],"line":294},"21":{"loc":{"start":{"line":297,"column":16},"end":{"line":297,"column":40}},"type":"cond-expr","locations":[{"start":{"line":297,"column":28},"end":{"line":297,"column":30}},{"start":{"line":297,"column":33},"end":{"line":297,"column":40}}],"line":297},"22":{"loc":{"start":{"line":307,"column":4},"end":{"line":307,"column":77}},"type":"if","locations":[{"start":{"line":307,"column":4},"end":{"line":307,"column":77}},{"start":{},"end":{}}],"line":307},"23":{"loc":{"start":{"line":310,"column":4},"end":{"line":310,"column":73}},"type":"if","locations":[{"start":{"line":310,"column":4},"end":{"line":310,"column":73}},{"start":{},"end":{}}],"line":310},"24":{"loc":{"start":{"line":313,"column":4},"end":{"line":313,"column":79}},"type":"if","locations":[{"start":{"line":313,"column":4},"end":{"line":313,"column":79}},{"start":{},"end":{}}],"line":313},"25":{"loc":{"start":{"line":319,"column":4},"end":{"line":328,"column":5}},"type":"if","locations":[{"start":{"line":319,"column":4},"end":{"line":328,"column":5}},{"start":{},"end":{}}],"line":319},"26":{"loc":{"start":{"line":333,"column":21},"end":{"line":333,"column":42}},"type":"binary-expr","locations":[{"start":{"line":333,"column":21},"end":{"line":333,"column":34}},{"start":{"line":333,"column":38},"end":{"line":333,"column":42}}],"line":333},"27":{"loc":{"start":{"line":334,"column":20},"end":{"line":334,"column":41}},"type":"binary-expr","locations":[{"start":{"line":334,"column":20},"end":{"line":334,"column":32}},{"start":{"line":334,"column":36},"end":{"line":334,"column":41}}],"line":334},"28":{"loc":{"start":{"line":335,"column":20},"end":{"line":335,"column":40}},"type":"binary-expr","locations":[{"start":{"line":335,"column":20},"end":{"line":335,"column":32}},{"start":{"line":335,"column":36},"end":{"line":335,"column":40}}],"line":335},"29":{"loc":{"start":{"line":336,"column":16},"end":{"line":336,"column":32}},"type":"binary-expr","locations":[{"start":{"line":336,"column":16},"end":{"line":336,"column":24}},{"start":{"line":336,"column":28},"end":{"line":336,"column":32}}],"line":336}},"s":{"0":1,"1":1,"2":1,"3":1,"4":1,"5":1,"6":5,"7":5,"8":5,"9":3,"10":2,"11":0,"12":1,"13":1,"14":1,"15":1,"16":0,"17":1,"18":2,"19":2,"20":2,"21":1,"22":1,"23":1,"24":1,"25":1,"26":0,"27":0,"28":1,"29":3,"30":3,"31":3,"32":3,"33":0,"34":3,"35":3,"36":1,"37":2,"38":2,"39":0,"40":2,"41":2,"42":1,"43":1,"44":1,"45":0,"46":1,"47":0,"48":0,"49":0,"50":0,"51":1,"52":0,"53":0,"54":0,"55":0,"56":1,"57":0,"58":0,"59":0,"60":0,"61":1,"62":0,"63":0,"64":0,"65":0,"66":0,"67":0,"68":0,"69":0,"70":0,"71":0,"72":0,"73":0,"74":0,"75":0,"76":1,"77":0,"78":0,"79":0,"80":0,"81":0,"82":0,"83":0,"84":0,"85":0,"86":0,"87":1,"88":0,"89":0,"90":0,"91":0,"92":1,"93":0,"94":0,"95":0,"96":0,"97":0,"98":0,"99":0,"100":1,"101":0,"102":0,"103":0,"104":0,"105":0,"106":0,"107":0,"108":1,"109":0,"110":0,"111":0,"112":0,"113":0,"114":0,"115":0,"116":0,"117":0,"118":0,"119":0,"120":0,"121":0,"122":0,"123":0,"124":0,"125":0,"126":0,"127":0,"128":0,"129":0,"130":1},"f":{"0":5,"1":1,"2":2,"3":3,"4":0,"5":0,"6":0,"7":0,"8":0,"9":0,"10":0,"11":0,"12":0},"b":{"0":[3,2],"1":[1,1],"2":[0,3],"3":[3,3],"4":[1,2],"5":[0,2],"6":[1,1],"7":[0,0],"8":[0,0,0],"9":[0,0],"10":[0,0,0],"11":[0,0],"12":[0,0],"13":[0,0],"14":[0,0],"15":[0,0],"16":[0,0],"17":[0,0],"18":[0,0],"19":[0,0],"20":[0,0],"21":[0,0],"22":[0,0],"23":[0,0],"24":[0,0],"25":[0,0],"26":[0,0],"27":[0,0],"28":[0,0],"29":[0,0]},"_coverageSchema":"1a1c01bbd47fc00a2c39e90264f33305004495a9","hash":"c9840b27f66395609e4078a8b7ab670d858b75f3"}
}
