TN:
SF:src\config\imagekit.js
FNF:0
FNH:0
DA:2,2
DA:3,2
DA:5,2
DA:11,2
LF:4
LH:4
BRF:0
BRH:0
end_of_record
TN:
SF:src\models\CafeType.js
FN:5,(anonymous_0)
FN:12,(anonymous_1)
FNF:2
FNH:2
FNDA:2,(anonymous_0)
FNDA:2,(anonymous_1)
DA:4,2
DA:5,2
DA:13,2
DA:17,2
DA:27,2
LF:5
LH:5
BRF:0
BRH:0
end_of_record
TN:
SF:src\models\CafeVarieties.js
FN:5,(anonymous_0)
FN:12,(anonymous_1)
FNF:2
FNH:2
FNDA:2,(anonymous_0)
FNDA:2,(anonymous_1)
DA:4,2
DA:5,2
DA:13,2
DA:14,2
DA:18,2
DA:33,2
LF:6
LH:6
BRF:0
BRH:0
end_of_record
TN:
SF:src\models\CafeVarietyImages.js
FN:5,(anonymous_0)
FN:12,(anonymous_1)
FNF:2
FNH:2
FNDA:2,(anonymous_0)
FNDA:2,(anonymous_1)
DA:4,2
DA:5,2
DA:13,2
DA:17,2
DA:29,2
LF:5
LH:5
BRF:0
BRH:0
end_of_record
TN:
SF:src\models\CultivationTechnique.js
FN:5,(anonymous_0)
FN:12,(anonymous_1)
FNF:2
FNH:2
FNDA:2,(anonymous_0)
FNDA:2,(anonymous_1)
DA:4,2
DA:5,2
DA:16,2
DA:29,2
LF:4
LH:4
BRF:0
BRH:0
end_of_record
TN:
SF:src\models\FarmUpdateReview.js
FN:4,(anonymous_0)
FN:6,(anonymous_1)
FNF:2
FNH:2
FNDA:2,(anonymous_0)
FNDA:2,(anonymous_1)
DA:2,2
DA:4,2
DA:7,2
DA:8,2
DA:12,2
DA:22,2
LF:6
LH:6
BRF:0
BRH:0
end_of_record
TN:
SF:src\models\FarmWeeklyUpdate.js
FN:4,(anonymous_0)
FN:6,(anonymous_1)
FNF:2
FNH:2
FNDA:2,(anonymous_0)
FNDA:2,(anonymous_1)
DA:2,2
DA:4,2
DA:7,2
DA:8,2
DA:9,2
DA:13,2
DA:33,2
LF:7
LH:7
BRF:0
BRH:0
end_of_record
TN:
SF:src\models\FarmingModel.js
FN:5,(anonymous_0)
FN:12,(anonymous_1)
FNF:2
FNH:2
FNDA:2,(anonymous_0)
FNDA:2,(anonymous_1)
DA:4,2
DA:5,2
DA:16,2
DA:30,2
LF:4
LH:4
BRF:0
BRH:0
end_of_record
TN:
SF:src\models\GrowthStages.js
FN:5,(anonymous_0)
FN:12,(anonymous_1)
FNF:2
FNH:2
FNDA:2,(anonymous_0)
FNDA:2,(anonymous_1)
DA:4,2
DA:5,2
DA:13,2
DA:21,2
DA:31,2
LF:5
LH:5
BRF:0
BRH:0
end_of_record
TN:
SF:src\models\PestCategories.js
FN:5,(anonymous_0)
FN:12,(anonymous_1)
FNF:2
FNH:2
FNDA:2,(anonymous_0)
FNDA:2,(anonymous_1)
DA:4,2
DA:5,2
DA:13,2
DA:19,2
DA:29,2
LF:5
LH:5
BRF:0
BRH:0
end_of_record
TN:
SF:src\models\PestDiseaseImages.js
FN:5,(anonymous_0)
FN:12,(anonymous_1)
FNF:2
FNH:2
FNDA:2,(anonymous_0)
FNDA:2,(anonymous_1)
DA:4,2
DA:5,2
DA:13,2
DA:20,2
DA:31,2
LF:5
LH:5
BRF:0
BRH:0
end_of_record
TN:
SF:src\models\PestDiseases.js
FN:5,(anonymous_0)
FN:12,(anonymous_1)
FNF:2
FNH:2
FNDA:2,(anonymous_0)
FNDA:2,(anonymous_1)
DA:4,2
DA:5,2
DA:13,2
DA:18,2
DA:23,2
DA:32,2
DA:48,2
LF:7
LH:7
BRF:0
BRH:0
end_of_record
TN:
SF:src\models\PestPrediction.js
FN:5,(anonymous_0)
FN:12,(anonymous_1)
FNF:2
FNH:2
FNDA:2,(anonymous_0)
FNDA:2,(anonymous_1)
DA:4,2
DA:5,2
DA:16,2
DA:29,2
LF:4
LH:4
BRF:0
BRH:0
end_of_record
TN:
SF:src\models\UserFarm.js
FN:4,(anonymous_0)
FN:6,(anonymous_1)
FNF:2
FNH:2
FNDA:2,(anonymous_0)
FNDA:2,(anonymous_1)
DA:2,2
DA:4,2
DA:7,2
DA:8,2
DA:9,2
DA:13,2
DA:26,2
LF:7
LH:7
BRF:0
BRH:0
end_of_record
TN:
SF:src\models\index.js
FN:37,(anonymous_0)
FN:40,(anonymous_1)
FN:45,(anonymous_2)
FNF:3
FNH:3
FNDA:30,(anonymous_0)
FNDA:28,(anonymous_1)
FNDA:28,(anonymous_2)
DA:2,2
DA:3,2
DA:4,2
DA:5,2
DA:6,2
DA:9,2
DA:12,2
DA:23,2
DA:35,2
DA:38,30
DA:41,28
DA:42,28
DA:45,2
DA:46,28
DA:47,28
DA:51,2
DA:52,2
DA:54,2
LF:18
LH:18
BRDA:38,0,0,30
BRDA:38,0,1,30
BRDA:38,0,2,28
BRDA:46,1,0,28
BRDA:46,1,1,0
BRF:5
BRH:4
end_of_record
TN:
SF:src\models\users.js
FN:5,(anonymous_0)
FN:12,(anonymous_1)
FNF:2
FNH:2
FNDA:2,(anonymous_0)
FNDA:2,(anonymous_1)
DA:4,2
DA:5,2
DA:17,2
DA:31,2
LF:4
LH:4
BRF:0
BRH:0
end_of_record
TN:
SF:src\services\adminService.js
FN:7,(anonymous_0)
FN:16,(anonymous_1)
FN:38,(anonymous_2)
FN:67,(anonymous_3)
FN:84,(anonymous_4)
FN:146,(anonymous_5)
FN:166,(anonymous_6)
FN:183,(anonymous_7)
FN:239,(anonymous_8)
FN:279,(anonymous_9)
FN:379,(anonymous_10)
FN:407,(anonymous_11)
FN:436,(anonymous_12)
FN:552,(anonymous_13)
FN:601,(anonymous_14)
FN:634,(anonymous_15)
FN:643,(anonymous_16)
FN:654,(anonymous_17)
FN:691,(anonymous_18)
FN:719,(anonymous_19)
FN:765,(anonymous_20)
FN:774,(anonymous_21)
FN:785,(anonymous_22)
FN:831,(anonymous_23)
FN:858,(anonymous_24)
FN:872,(anonymous_25)
FN:906,(anonymous_26)
FN:929,(anonymous_27)
FN:954,(anonymous_28)
FNF:29
FNH:2
FNDA:0,(anonymous_0)
FNDA:2,(anonymous_1)
FNDA:2,(anonymous_2)
FNDA:0,(anonymous_3)
FNDA:0,(anonymous_4)
FNDA:0,(anonymous_5)
FNDA:0,(anonymous_6)
FNDA:0,(anonymous_7)
FNDA:0,(anonymous_8)
FNDA:0,(anonymous_9)
FNDA:0,(anonymous_10)
FNDA:0,(anonymous_11)
FNDA:0,(anonymous_12)
FNDA:0,(anonymous_13)
FNDA:0,(anonymous_14)
FNDA:0,(anonymous_15)
FNDA:0,(anonymous_16)
FNDA:0,(anonymous_17)
FNDA:0,(anonymous_18)
FNDA:0,(anonymous_19)
FNDA:0,(anonymous_20)
FNDA:0,(anonymous_21)
FNDA:0,(anonymous_22)
FNDA:0,(anonymous_23)
FNDA:0,(anonymous_24)
FNDA:0,(anonymous_25)
FNDA:0,(anonymous_26)
FNDA:0,(anonymous_27)
FNDA:0,(anonymous_28)
DA:1,1
DA:2,1
DA:3,1
DA:4,1
DA:5,1
DA:6,1
DA:7,1
DA:8,0
DA:9,0
DA:10,0
DA:12,0
DA:16,1
DA:17,2
DA:18,2
DA:19,2
DA:20,1
DA:23,1
DA:24,1
DA:32,1
DA:34,0
DA:38,1
DA:39,2
DA:40,2
DA:44,2
DA:45,1
DA:49,1
DA:50,1
DA:52,1
DA:62,0
DA:63,0
DA:67,1
DA:68,0
DA:69,0
DA:73,0
DA:74,0
DA:77,0
DA:78,0
DA:80,0
DA:84,1
DA:85,0
DA:86,0
DA:88,0
DA:91,0
DA:92,0
DA:97,0
DA:98,0
DA:99,0
DA:100,0
DA:106,0
DA:107,0
DA:112,0
DA:113,0
DA:115,0
DA:116,0
DA:125,0
DA:135,0
DA:136,0
DA:139,0
DA:146,1
DA:147,0
DA:148,0
DA:160,0
DA:162,0
DA:166,1
DA:167,0
DA:180,0
DA:183,1
DA:184,0
DA:185,0
DA:190,0
DA:191,0
DA:196,0
DA:197,0
DA:198,0
DA:199,0
DA:200,0
DA:201,0
DA:202,0
DA:203,0
DA:209,0
DA:210,0
DA:212,0
DA:213,0
DA:214,0
DA:216,0
DA:220,0
DA:221,0
DA:223,0
DA:224,0
DA:230,0
DA:231,0
DA:239,1
DA:240,0
DA:241,0
DA:247,0
DA:248,0
DA:252,0
DA:255,0
DA:256,0
DA:257,0
DA:259,0
DA:264,0
DA:266,0
DA:271,0
DA:272,0
DA:279,1
DA:280,0
DA:282,0
DA:285,0
DA:286,0
DA:293,0
DA:294,0
DA:295,0
DA:296,0
DA:297,0
DA:302,0
DA:303,0
DA:307,0
DA:318,0
DA:319,0
DA:323,0
DA:324,0
DA:330,0
DA:338,0
DA:340,0
DA:344,0
DA:364,0
DA:371,0
DA:372,0
DA:379,1
DA:380,0
DA:381,0
DA:401,0
DA:403,0
DA:407,1
DA:408,0
DA:409,0
DA:430,0
DA:432,0
DA:436,1
DA:437,0
DA:438,0
DA:447,0
DA:448,0
DA:455,0
DA:456,0
DA:457,0
DA:458,0
DA:459,0
DA:462,0
DA:463,0
DA:464,0
DA:466,0
DA:472,0
DA:473,0
DA:475,0
DA:476,0
DA:477,0
DA:479,0
DA:485,0
DA:487,0
DA:491,0
DA:495,0
DA:496,0
DA:502,0
DA:510,0
DA:511,0
DA:514,0
DA:517,0
DA:537,0
DA:543,0
DA:544,0
DA:552,1
DA:553,0
DA:554,0
DA:563,0
DA:564,0
DA:568,0
DA:571,0
DA:572,0
DA:573,0
DA:575,0
DA:580,0
DA:585,0
DA:587,0
DA:592,0
DA:593,0
DA:601,1
DA:602,0
DA:603,0
DA:606,0
DA:607,0
DA:613,0
DA:619,0
DA:625,0
DA:626,0
DA:634,1
DA:635,0
DA:636,0
DA:637,0
DA:639,0
DA:643,1
DA:644,0
DA:645,0
DA:648,0
DA:650,0
DA:654,1
DA:655,0
DA:656,0
DA:661,0
DA:662,0
DA:668,0
DA:669,0
DA:670,0
DA:671,0
DA:672,0
DA:674,0
DA:676,0
DA:682,0
DA:683,0
DA:691,1
DA:692,0
DA:693,0
DA:698,0
DA:699,0
DA:702,0
DA:704,0
DA:709,0
DA:710,0
DA:719,1
DA:720,0
DA:721,0
DA:724,0
DA:725,0
DA:731,0
DA:732,0
DA:733,0
DA:734,0
DA:739,0
DA:742,0
DA:750,0
DA:756,0
DA:757,0
DA:765,1
DA:766,0
DA:767,0
DA:768,0
DA:770,0
DA:774,1
DA:775,0
DA:776,0
DA:779,0
DA:781,0
DA:785,1
DA:786,0
DA:787,0
DA:792,0
DA:793,0
DA:799,0
DA:800,0
DA:801,0
DA:806,0
DA:809,0
DA:810,0
DA:811,0
DA:812,0
DA:814,0
DA:816,0
DA:822,0
DA:823,0
DA:831,1
DA:832,0
DA:833,0
DA:838,0
DA:839,0
DA:842,0
DA:844,0
DA:849,0
DA:850,0
DA:858,1
DA:859,0
DA:860,0
DA:871,0
DA:873,0
DA:879,0
DA:887,0
DA:894,0
DA:895,0
DA:906,1
DA:907,0
DA:908,0
DA:923,0
DA:925,0
DA:929,1
DA:930,0
DA:931,0
DA:932,0
DA:934,0
DA:935,0
DA:937,0
DA:942,0
DA:943,0
DA:946,0
DA:948,0
DA:954,1
DA:955,0
DA:956,0
DA:963,0
DA:965,0
DA:969,1
LF:310
LH:49
BRDA:19,0,0,1
BRDA:19,0,1,1
BRDA:44,1,0,1
BRDA:44,1,1,1
BRDA:73,2,0,0
BRDA:73,2,1,0
BRDA:91,3,0,0
BRDA:91,3,1,0
BRDA:99,4,0,0
BRDA:99,4,1,0
BRDA:99,5,0,0
BRDA:99,5,1,0
BRDA:135,6,0,0
BRDA:135,6,1,0
BRDA:135,7,0,0
BRDA:135,7,1,0
BRDA:135,7,2,0
BRDA:190,8,0,0
BRDA:190,8,1,0
BRDA:196,9,0,0
BRDA:196,9,1,0
BRDA:197,10,0,0
BRDA:197,10,1,0
BRDA:198,11,0,0
BRDA:198,11,1,0
BRDA:199,12,0,0
BRDA:199,12,1,0
BRDA:200,13,0,0
BRDA:200,13,1,0
BRDA:200,14,0,0
BRDA:200,14,1,0
BRDA:201,15,0,0
BRDA:201,15,1,0
BRDA:212,16,0,0
BRDA:212,16,1,0
BRDA:220,17,0,0
BRDA:220,17,1,0
BRDA:220,18,0,0
BRDA:220,18,1,0
BRDA:247,19,0,0
BRDA:247,19,1,0
BRDA:255,20,0,0
BRDA:255,20,1,0
BRDA:285,21,0,0
BRDA:285,21,1,0
BRDA:295,22,0,0
BRDA:295,22,1,0
BRDA:295,23,0,0
BRDA:295,23,1,0
BRDA:318,24,0,0
BRDA:318,24,1,0
BRDA:318,25,0,0
BRDA:318,25,1,0
BRDA:319,26,0,0
BRDA:319,26,1,0
BRDA:338,27,0,0
BRDA:338,27,1,0
BRDA:338,28,0,0
BRDA:338,28,1,0
BRDA:338,28,2,0
BRDA:447,29,0,0
BRDA:447,29,1,0
BRDA:455,30,0,0
BRDA:455,30,1,0
BRDA:456,31,0,0
BRDA:456,31,1,0
BRDA:457,32,0,0
BRDA:457,32,1,0
BRDA:458,33,0,0
BRDA:458,33,1,0
BRDA:459,34,0,0
BRDA:459,34,1,0
BRDA:462,35,0,0
BRDA:462,35,1,0
BRDA:462,36,0,0
BRDA:462,36,1,0
BRDA:463,37,0,0
BRDA:463,37,1,0
BRDA:475,38,0,0
BRDA:475,38,1,0
BRDA:485,39,0,0
BRDA:485,39,1,0
BRDA:485,40,0,0
BRDA:485,40,1,0
BRDA:491,41,0,0
BRDA:491,41,1,0
BRDA:510,42,0,0
BRDA:510,42,1,0
BRDA:510,43,0,0
BRDA:510,43,1,0
BRDA:563,44,0,0
BRDA:563,44,1,0
BRDA:571,45,0,0
BRDA:571,45,1,0
BRDA:606,46,0,0
BRDA:606,46,1,0
BRDA:661,47,0,0
BRDA:661,47,1,0
BRDA:668,48,0,0
BRDA:668,48,1,0
BRDA:669,49,0,0
BRDA:669,49,1,0
BRDA:670,50,0,0
BRDA:670,50,1,0
BRDA:671,51,0,0
BRDA:671,51,1,0
BRDA:672,52,0,0
BRDA:672,52,1,0
BRDA:698,53,0,0
BRDA:698,53,1,0
BRDA:724,54,0,0
BRDA:724,54,1,0
BRDA:732,55,0,0
BRDA:732,55,1,0
BRDA:732,56,0,0
BRDA:732,56,1,0
BRDA:792,57,0,0
BRDA:792,57,1,0
BRDA:799,58,0,0
BRDA:799,58,1,0
BRDA:799,59,0,0
BRDA:799,59,1,0
BRDA:800,60,0,0
BRDA:800,60,1,0
BRDA:809,61,0,0
BRDA:809,61,1,0
BRDA:810,62,0,0
BRDA:810,62,1,0
BRDA:811,63,0,0
BRDA:811,63,1,0
BRDA:812,64,0,0
BRDA:812,64,1,0
BRDA:838,65,0,0
BRDA:838,65,1,0
BRDA:858,66,0,0
BRDA:880,67,0,0
BRDA:880,67,1,0
BRDA:932,68,0,0
BRDA:932,68,1,0
BRDA:935,69,0,0
BRDA:935,69,1,0
BRDA:939,70,0,0
BRDA:939,70,1,0
BRDA:942,71,0,0
BRDA:942,71,1,0
BRDA:943,72,0,0
BRDA:943,72,1,0
BRF:147
BRH:4
end_of_record
TN:
SF:src\services\userService.js
FN:7,(anonymous_0)
FN:20,(anonymous_1)
FN:30,(anonymous_2)
FN:62,(anonymous_3)
FN:118,(anonymous_4)
FN:135,(anonymous_5)
FN:152,(anonymous_6)
FN:168,(anonymous_7)
FN:229,(anonymous_8)
FN:256,(anonymous_9)
FN:271,(anonymous_10)
FN:292,(anonymous_11)
FN:302,(anonymous_12)
FNF:13
FNH:4
FNDA:5,(anonymous_0)
FNDA:1,(anonymous_1)
FNDA:2,(anonymous_2)
FNDA:3,(anonymous_3)
FNDA:0,(anonymous_4)
FNDA:0,(anonymous_5)
FNDA:0,(anonymous_6)
FNDA:0,(anonymous_7)
FNDA:0,(anonymous_8)
FNDA:0,(anonymous_9)
FNDA:0,(anonymous_10)
FNDA:0,(anonymous_11)
FNDA:0,(anonymous_12)
DA:1,1
DA:2,1
DA:3,1
DA:4,1
DA:5,1
DA:7,1
DA:8,5
DA:9,5
DA:10,5
DA:11,3
DA:13,2
DA:16,0
DA:20,1
DA:21,1
DA:22,1
DA:23,1
DA:25,0
DA:30,1
DA:31,2
DA:32,2
DA:33,2
DA:34,1
DA:39,1
DA:40,1
DA:46,1
DA:48,1
DA:53,0
DA:54,0
DA:62,1
DA:63,3
DA:64,3
DA:65,3
DA:66,3
DA:67,0
DA:71,3
DA:72,3
DA:73,1
DA:78,2
DA:83,2
DA:84,0
DA:89,2
DA:90,2
DA:91,1
DA:96,1
DA:109,1
DA:115,0
DA:118,1
DA:119,0
DA:120,0
DA:121,0
DA:127,0
DA:135,1
DA:136,0
DA:137,0
DA:138,0
DA:144,0
DA:152,1
DA:153,0
DA:154,0
DA:155,0
DA:161,0
DA:168,1
DA:169,0
DA:170,0
DA:176,0
DA:177,0
DA:183,0
DA:184,0
DA:186,0
DA:187,0
DA:192,0
DA:193,0
DA:195,0
DA:202,0
DA:209,0
DA:215,0
DA:229,1
DA:230,0
DA:231,0
DA:233,0
DA:234,0
DA:237,0
DA:238,0
DA:240,0
DA:250,0
DA:252,0
DA:256,1
DA:257,0
DA:258,0
DA:265,0
DA:267,0
DA:271,1
DA:272,0
DA:273,0
DA:274,0
DA:276,0
DA:285,0
DA:287,0
DA:292,1
DA:293,0
DA:294,0
DA:296,0
DA:297,0
DA:298,0
DA:299,0
DA:302,1
DA:303,0
DA:304,0
DA:306,0
DA:307,0
DA:309,0
DA:310,0
DA:312,0
DA:313,0
DA:315,0
DA:316,0
DA:319,0
DA:320,0
DA:326,0
DA:327,0
DA:330,0
DA:341,0
DA:343,0
DA:344,0
DA:349,1
LF:125
LH:49
BRDA:10,0,0,3
BRDA:10,0,1,2
BRDA:33,1,0,1
BRDA:33,1,1,1
BRDA:66,2,0,0
BRDA:66,2,1,3
BRDA:66,3,0,3
BRDA:66,3,1,3
BRDA:72,4,0,1
BRDA:72,4,1,2
BRDA:83,5,0,0
BRDA:83,5,1,2
BRDA:90,6,0,1
BRDA:90,6,1,1
BRDA:169,7,0,0
BRDA:169,7,1,0
BRDA:169,8,0,0
BRDA:169,8,1,0
BRDA:169,8,2,0
BRDA:176,9,0,0
BRDA:176,9,1,0
BRDA:176,10,0,0
BRDA:176,10,1,0
BRDA:176,10,2,0
BRDA:220,11,0,0
BRDA:220,11,1,0
BRDA:233,12,0,0
BRDA:233,12,1,0
BRDA:233,13,0,0
BRDA:233,13,1,0
BRDA:238,14,0,0
BRDA:238,14,1,0
BRDA:244,15,0,0
BRDA:244,15,1,0
BRDA:245,16,0,0
BRDA:245,16,1,0
BRDA:246,17,0,0
BRDA:246,17,1,0
BRDA:247,18,0,0
BRDA:247,18,1,0
BRDA:274,19,0,0
BRDA:274,19,1,0
BRDA:294,20,0,0
BRDA:294,20,1,0
BRDA:297,21,0,0
BRDA:297,21,1,0
BRDA:307,22,0,0
BRDA:307,22,1,0
BRDA:310,23,0,0
BRDA:310,23,1,0
BRDA:313,24,0,0
BRDA:313,24,1,0
BRDA:319,25,0,0
BRDA:319,25,1,0
BRDA:333,26,0,0
BRDA:333,26,1,0
BRDA:334,27,0,0
BRDA:334,27,1,0
BRDA:335,28,0,0
BRDA:335,28,1,0
BRDA:336,29,0,0
BRDA:336,29,1,0
BRF:62
BRH:12
end_of_record
